{"/Users/oguzgelal/Core/Oguz/web/2018/reclare/reclare/src/broadcasts/broadcast.js": {"path":"/Users/oguzgelal/Core/Oguz/web/2018/reclare/reclare/src/broadcasts/broadcast.js","statementMap":{"0":{"start":{"line":8,"column":18},"end":{"line":17,"column":1}},"1":{"start":{"line":9,"column":2},"end":{"line":9,"column":65}},"2":{"start":{"line":10,"column":2},"end":{"line":15,"column":5}},"3":{"start":{"line":16,"column":2},"end":{"line":16,"column":64}},"4":{"start":{"line":19,"column":26},"end":{"line":39,"column":1}},"5":{"start":{"line":19,"column":33},"end":{"line":39,"column":1}},"6":{"start":{"line":20,"column":15},"end":{"line":20,"column":53}},"7":{"start":{"line":22,"column":2},"end":{"line":38,"column":3}},"8":{"start":{"line":23,"column":4},"end":{"line":30,"column":6}},"9":{"start":{"line":24,"column":6},"end":{"line":29,"column":8}},"10":{"start":{"line":32,"column":4},"end":{"line":37,"column":7}}},"fnMap":{"0":{"name":"(anonymous_0)","decl":{"start":{"line":8,"column":18},"end":{"line":8,"column":19}},"loc":{"start":{"line":8,"column":50},"end":{"line":17,"column":1}},"line":8},"1":{"name":"(anonymous_1)","decl":{"start":{"line":19,"column":26},"end":{"line":19,"column":27}},"loc":{"start":{"line":19,"column":33},"end":{"line":39,"column":1}},"line":19},"2":{"name":"(anonymous_2)","decl":{"start":{"line":19,"column":33},"end":{"line":19,"column":34}},"loc":{"start":{"line":19,"column":70},"end":{"line":39,"column":1}},"line":19},"3":{"name":"(anonymous_3)","decl":{"start":{"line":23,"column":15},"end":{"line":23,"column":16}},"loc":{"start":{"line":24,"column":6},"end":{"line":29,"column":8}},"line":24}},"branchMap":{"0":{"loc":{"start":{"line":11,"column":17},"end":{"line":11,"column":54}},"type":"binary-expr","locations":[{"start":{"line":11,"column":17},"end":{"line":11,"column":46}},{"start":{"line":11,"column":50},"end":{"line":11,"column":54}}],"line":11},"1":{"loc":{"start":{"line":11,"column":18},"end":{"line":11,"column":35}},"type":"binary-expr","locations":[{"start":{"line":11,"column":18},"end":{"line":11,"column":29}},{"start":{"line":11,"column":33},"end":{"line":11,"column":35}}],"line":11},"2":{"loc":{"start":{"line":19,"column":53},"end":{"line":19,"column":65}},"type":"default-arg","locations":[{"start":{"line":19,"column":63},"end":{"line":19,"column":65}}],"line":19},"3":{"loc":{"start":{"line":22,"column":2},"end":{"line":38,"column":3}},"type":"if","locations":[{"start":{"line":22,"column":2},"end":{"line":38,"column":3}},{"start":{"line":22,"column":2},"end":{"line":38,"column":3}}],"line":22},"4":{"loc":{"start":{"line":25,"column":13},"end":{"line":25,"column":30}},"type":"binary-expr","locations":[{"start":{"line":25,"column":13},"end":{"line":25,"column":16}},{"start":{"line":25,"column":20},"end":{"line":25,"column":30}}],"line":25},"5":{"loc":{"start":{"line":33,"column":11},"end":{"line":33,"column":28}},"type":"binary-expr","locations":[{"start":{"line":33,"column":11},"end":{"line":33,"column":14}},{"start":{"line":33,"column":18},"end":{"line":33,"column":28}}],"line":33}},"s":{"0":3,"1":0,"2":0,"3":0,"4":3,"5":3,"6":0,"7":0,"8":0,"9":0,"10":0},"f":{"0":0,"1":3,"2":0,"3":0},"b":{"0":[0,0],"1":[0,0],"2":[0],"3":[0,0],"4":[0,0],"5":[0,0]},"_coverageSchema":"332fd63041d2c1bcb487cc26dd0d5f7d97098a6c","hash":"8e6203e1f6499b3d8ef7cc73bc458c0da780a7bc"}
,"/Users/oguzgelal/Core/Oguz/web/2018/reclare/reclare/src/broadcasts/broadcastHelpers.js": {"path":"/Users/oguzgelal/Core/Oguz/web/2018/reclare/reclare/src/broadcasts/broadcastHelpers.js","statementMap":{"0":{"start":{"line":3,"column":44},"end":{"line":10,"column":1}},"1":{"start":{"line":4,"column":2},"end":{"line":9,"column":3}},"2":{"start":{"line":5,"column":4},"end":{"line":8,"column":6}},"3":{"start":{"line":12,"column":42},"end":{"line":12,"column":50}},"4":{"start":{"line":13,"column":40},"end":{"line":13,"column":48}},"5":{"start":{"line":14,"column":41},"end":{"line":14,"column":49}}},"fnMap":{"0":{"name":"(anonymous_0)","decl":{"start":{"line":3,"column":44},"end":{"line":3,"column":45}},"loc":{"start":{"line":3,"column":65},"end":{"line":10,"column":1}},"line":3},"1":{"name":"(anonymous_1)","decl":{"start":{"line":12,"column":42},"end":{"line":12,"column":43}},"loc":{"start":{"line":12,"column":48},"end":{"line":12,"column":50}},"line":12},"2":{"name":"(anonymous_2)","decl":{"start":{"line":13,"column":40},"end":{"line":13,"column":41}},"loc":{"start":{"line":13,"column":46},"end":{"line":13,"column":48}},"line":13},"3":{"name":"(anonymous_3)","decl":{"start":{"line":14,"column":41},"end":{"line":14,"column":42}},"loc":{"start":{"line":14,"column":47},"end":{"line":14,"column":49}},"line":14}},"branchMap":{"0":{"loc":{"start":{"line":4,"column":2},"end":{"line":9,"column":3}},"type":"if","locations":[{"start":{"line":4,"column":2},"end":{"line":9,"column":3}},{"start":{"line":4,"column":2},"end":{"line":9,"column":3}}],"line":4}},"s":{"0":3,"1":7,"2":0,"3":3,"4":3,"5":3},"f":{"0":7,"1":0,"2":0,"3":0},"b":{"0":[0,7]},"_coverageSchema":"332fd63041d2c1bcb487cc26dd0d5f7d97098a6c","hash":"7ee61a2d0f39aef8ab41b2893928d7086f9922a7"}
,"/Users/oguzgelal/Core/Oguz/web/2018/reclare/reclare/src/config/broadcastDefaults.js": {"path":"/Users/oguzgelal/Core/Oguz/web/2018/reclare/reclare/src/config/broadcastDefaults.js","statementMap":{},"fnMap":{},"branchMap":{},"s":{},"f":{},"b":{},"_coverageSchema":"332fd63041d2c1bcb487cc26dd0d5f7d97098a6c","hash":"7c50ac226c9065b1c6dde9d08bbe2af8ca350fdb"}
,"/Users/oguzgelal/Core/Oguz/web/2018/reclare/reclare/src/config/constants.js": {"path":"/Users/oguzgelal/Core/Oguz/web/2018/reclare/reclare/src/config/constants.js","statementMap":{"0":{"start":{"line":2,"column":37},"end":{"line":2,"column":60}},"1":{"start":{"line":3,"column":31},"end":{"line":3,"column":48}}},"fnMap":{},"branchMap":{},"s":{"0":3,"1":3},"f":{},"b":{},"_coverageSchema":"332fd63041d2c1bcb487cc26dd0d5f7d97098a6c","hash":"9ed9a3029dba7b34fdde27348e94046e84db66ef"}
,"/Users/oguzgelal/Core/Oguz/web/2018/reclare/reclare/src/config/reclareDefaults.js": {"path":"/Users/oguzgelal/Core/Oguz/web/2018/reclare/reclare/src/config/reclareDefaults.js","statementMap":{},"fnMap":{},"branchMap":{},"s":{},"f":{},"b":{},"_coverageSchema":"332fd63041d2c1bcb487cc26dd0d5f7d97098a6c","hash":"e60ca9312b1532c0777c8758c4f4426308d5c1b8"}
,"/Users/oguzgelal/Core/Oguz/web/2018/reclare/reclare/src/ctx/createContext.js": {"path":"/Users/oguzgelal/Core/Oguz/web/2018/reclare/reclare/src/ctx/createContext.js","statementMap":{"0":{"start":{"line":6,"column":14},"end":{"line":6,"column":40}},"1":{"start":{"line":9,"column":2},"end":{"line":11,"column":3}},"2":{"start":{"line":10,"column":4},"end":{"line":10,"column":21}},"3":{"start":{"line":14,"column":2},"end":{"line":14,"column":13}}},"fnMap":{"0":{"name":"(anonymous_0)","decl":{"start":{"line":4,"column":15},"end":{"line":4,"column":16}},"loc":{"start":{"line":4,"column":41},"end":{"line":15,"column":1}},"line":4}},"branchMap":{"0":{"loc":{"start":{"line":4,"column":24},"end":{"line":4,"column":36}},"type":"default-arg","locations":[{"start":{"line":4,"column":34},"end":{"line":4,"column":36}}],"line":4},"1":{"loc":{"start":{"line":9,"column":2},"end":{"line":11,"column":3}},"type":"if","locations":[{"start":{"line":9,"column":2},"end":{"line":11,"column":3}},{"start":{"line":9,"column":2},"end":{"line":11,"column":3}}],"line":9},"2":{"loc":{"start":{"line":9,"column":6},"end":{"line":9,"column":47}},"type":"binary-expr","locations":[{"start":{"line":9,"column":6},"end":{"line":9,"column":9}},{"start":{"line":9,"column":13},"end":{"line":9,"column":24}},{"start":{"line":9,"column":28},"end":{"line":9,"column":47}}],"line":9}},"s":{"0":17,"1":8,"2":8,"3":8},"f":{"0":17},"b":{"0":[17],"1":[8,0],"2":[8,8,8]},"_coverageSchema":"332fd63041d2c1bcb487cc26dd0d5f7d97098a6c","hash":"70d4c9d3ac351d33eb7d1b785b492721c3c875ef"}
,"/Users/oguzgelal/Core/Oguz/web/2018/reclare/reclare/src/ctx/ctx.js": {"path":"/Users/oguzgelal/Core/Oguz/web/2018/reclare/reclare/src/ctx/ctx.js","statementMap":{"0":{"start":{"line":22,"column":4},"end":{"line":22,"column":34}},"1":{"start":{"line":23,"column":4},"end":{"line":23,"column":23}},"2":{"start":{"line":27,"column":4},"end":{"line":27,"column":37}},"3":{"start":{"line":31,"column":4},"end":{"line":31,"column":36}},"4":{"start":{"line":35,"column":4},"end":{"line":35,"column":46}},"5":{"start":{"line":39,"column":4},"end":{"line":39,"column":41}},"6":{"start":{"line":43,"column":4},"end":{"line":102,"column":5}},"7":{"start":{"line":44,"column":6},"end":{"line":47,"column":9}},"8":{"start":{"line":48,"column":6},"end":{"line":59,"column":8}},"9":{"start":{"line":55,"column":12},"end":{"line":55,"column":74}},"10":{"start":{"line":61,"column":6},"end":{"line":61,"column":26}},"11":{"start":{"line":64,"column":6},"end":{"line":64,"column":75}},"12":{"start":{"line":67,"column":6},"end":{"line":67,"column":45}},"13":{"start":{"line":70,"column":6},"end":{"line":76,"column":11}},"14":{"start":{"line":80,"column":6},"end":{"line":86,"column":11}},"15":{"start":{"line":90,"column":6},"end":{"line":96,"column":11}},"16":{"start":{"line":98,"column":6},"end":{"line":101,"column":9}}},"fnMap":{"0":{"name":"(anonymous_0)","decl":{"start":{"line":21,"column":2},"end":{"line":21,"column":3}},"loc":{"start":{"line":21,"column":22},"end":{"line":24,"column":3}},"line":21},"1":{"name":"(anonymous_1)","decl":{"start":{"line":26,"column":2},"end":{"line":26,"column":3}},"loc":{"start":{"line":26,"column":21},"end":{"line":28,"column":3}},"line":26},"2":{"name":"(anonymous_2)","decl":{"start":{"line":30,"column":2},"end":{"line":30,"column":3}},"loc":{"start":{"line":30,"column":20},"end":{"line":32,"column":3}},"line":30},"3":{"name":"(anonymous_3)","decl":{"start":{"line":34,"column":2},"end":{"line":34,"column":3}},"loc":{"start":{"line":34,"column":30},"end":{"line":36,"column":3}},"line":34},"4":{"name":"(anonymous_4)","decl":{"start":{"line":38,"column":2},"end":{"line":38,"column":3}},"loc":{"start":{"line":38,"column":25},"end":{"line":40,"column":3}},"line":38},"5":{"name":"(anonymous_5)","decl":{"start":{"line":42,"column":2},"end":{"line":42,"column":3}},"loc":{"start":{"line":42,"column":16},"end":{"line":103,"column":3}},"line":42},"6":{"name":"(anonymous_6)","decl":{"start":{"line":52,"column":15},"end":{"line":52,"column":16}},"loc":{"start":{"line":52,"column":35},"end":{"line":56,"column":11}},"line":52}},"branchMap":{"0":{"loc":{"start":{"line":43,"column":4},"end":{"line":102,"column":5}},"type":"if","locations":[{"start":{"line":43,"column":4},"end":{"line":102,"column":5}},{"start":{"line":43,"column":4},"end":{"line":102,"column":5}}],"line":43},"1":{"loc":{"start":{"line":55,"column":34},"end":{"line":55,"column":73}},"type":"binary-expr","locations":[{"start":{"line":55,"column":34},"end":{"line":55,"column":50}},{"start":{"line":55,"column":54},"end":{"line":55,"column":73}}],"line":55},"2":{"loc":{"start":{"line":64,"column":53},"end":{"line":64,"column":73}},"type":"binary-expr","locations":[{"start":{"line":64,"column":53},"end":{"line":64,"column":67}},{"start":{"line":64,"column":71},"end":{"line":64,"column":73}}],"line":64},"3":{"loc":{"start":{"line":67,"column":19},"end":{"line":67,"column":44}},"type":"binary-expr","locations":[{"start":{"line":67,"column":19},"end":{"line":67,"column":38}},{"start":{"line":67,"column":42},"end":{"line":67,"column":44}}],"line":67},"4":{"loc":{"start":{"line":71,"column":8},"end":{"line":76,"column":10}},"type":"binary-expr","locations":[{"start":{"line":71,"column":8},"end":{"line":71,"column":22}},{"start":{"line":72,"column":8},"end":{"line":76,"column":10}}],"line":71},"5":{"loc":{"start":{"line":75,"column":26},"end":{"line":75,"column":77}},"type":"binary-expr","locations":[{"start":{"line":75,"column":26},"end":{"line":75,"column":45}},{"start":{"line":75,"column":49},"end":{"line":75,"column":77}}],"line":75},"6":{"loc":{"start":{"line":81,"column":8},"end":{"line":86,"column":10}},"type":"binary-expr","locations":[{"start":{"line":81,"column":8},"end":{"line":81,"column":37}},{"start":{"line":82,"column":8},"end":{"line":86,"column":10}}],"line":81},"7":{"loc":{"start":{"line":85,"column":26},"end":{"line":85,"column":80}},"type":"binary-expr","locations":[{"start":{"line":85,"column":26},"end":{"line":85,"column":45}},{"start":{"line":85,"column":49},"end":{"line":85,"column":80}}],"line":85},"8":{"loc":{"start":{"line":91,"column":8},"end":{"line":96,"column":10}},"type":"binary-expr","locations":[{"start":{"line":91,"column":8},"end":{"line":91,"column":28}},{"start":{"line":92,"column":8},"end":{"line":96,"column":10}}],"line":91},"9":{"loc":{"start":{"line":95,"column":26},"end":{"line":95,"column":80}},"type":"binary-expr","locations":[{"start":{"line":95,"column":26},"end":{"line":95,"column":45}},{"start":{"line":95,"column":49},"end":{"line":95,"column":80}}],"line":95}},"s":{"0":17,"1":17,"2":0,"3":0,"4":3,"5":66,"6":17,"7":17,"8":17,"9":0,"10":17,"11":17,"12":17,"13":17,"14":14,"15":11,"16":8},"f":{"0":17,"1":0,"2":0,"3":3,"4":66,"5":17,"6":0},"b":{"0":[17,0],"1":[0,0],"2":[17,17],"3":[17,17],"4":[17,6],"5":[6,5],"6":[14,3],"7":[3,3],"8":[11,3],"9":[3,3]},"_coverageSchema":"332fd63041d2c1bcb487cc26dd0d5f7d97098a6c","hash":"d64b4b80f2c0f32e66cd7574618438a1be517086"}
,"/Users/oguzgelal/Core/Oguz/web/2018/reclare/reclare/src/ctx/ctxHelpers.js": {"path":"/Users/oguzgelal/Core/Oguz/web/2018/reclare/reclare/src/ctx/ctxHelpers.js","statementMap":{"0":{"start":{"line":3,"column":37},"end":{"line":7,"column":1}},"1":{"start":{"line":4,"column":2},"end":{"line":6,"column":3}},"2":{"start":{"line":5,"column":4},"end":{"line":5,"column":54}}},"fnMap":{"0":{"name":"(anonymous_0)","decl":{"start":{"line":3,"column":37},"end":{"line":3,"column":38}},"loc":{"start":{"line":3,"column":47},"end":{"line":7,"column":1}},"line":3}},"branchMap":{"0":{"loc":{"start":{"line":4,"column":2},"end":{"line":6,"column":3}},"type":"if","locations":[{"start":{"line":4,"column":2},"end":{"line":6,"column":3}},{"start":{"line":4,"column":2},"end":{"line":6,"column":3}}],"line":4}},"s":{"0":3,"1":17,"2":0},"f":{"0":17},"b":{"0":[0,17]},"_coverageSchema":"332fd63041d2c1bcb487cc26dd0d5f7d97098a6c","hash":"093033bd81a87fe7b4a67ecc24506eb960e4a4bc"}
,"/Users/oguzgelal/Core/Oguz/web/2018/reclare/reclare/src/ctx/index.js": {"path":"/Users/oguzgelal/Core/Oguz/web/2018/reclare/reclare/src/ctx/index.js","statementMap":{"0":{"start":{"line":2,"column":13},"end":{"line":2,"column":15}}},"fnMap":{},"branchMap":{},"s":{"0":3},"f":{},"b":{},"_coverageSchema":"332fd63041d2c1bcb487cc26dd0d5f7d97098a6c","hash":"1f4e8ee338e346de76be0041cf0a7b6a3fbeaa00"}
,"/Users/oguzgelal/Core/Oguz/web/2018/reclare/reclare/src/declarations/declarationHelpers.js": {"path":"/Users/oguzgelal/Core/Oguz/web/2018/reclare/reclare/src/declarations/declarationHelpers.js","statementMap":{"0":{"start":{"line":8,"column":36},"end":{"line":15,"column":1}},"1":{"start":{"line":9,"column":2},"end":{"line":14,"column":3}},"2":{"start":{"line":10,"column":4},"end":{"line":13,"column":6}},"3":{"start":{"line":17,"column":35},"end":{"line":38,"column":1}},"4":{"start":{"line":18,"column":2},"end":{"line":23,"column":3}},"5":{"start":{"line":19,"column":4},"end":{"line":22,"column":6}},"6":{"start":{"line":24,"column":2},"end":{"line":33,"column":3}},"7":{"start":{"line":29,"column":4},"end":{"line":32,"column":6}},"8":{"start":{"line":35,"column":2},"end":{"line":37,"column":3}},"9":{"start":{"line":36,"column":4},"end":{"line":36,"column":36}}},"fnMap":{"0":{"name":"(anonymous_0)","decl":{"start":{"line":8,"column":36},"end":{"line":8,"column":37}},"loc":{"start":{"line":8,"column":58},"end":{"line":15,"column":1}},"line":8},"1":{"name":"(anonymous_1)","decl":{"start":{"line":17,"column":35},"end":{"line":17,"column":36}},"loc":{"start":{"line":17,"column":72},"end":{"line":38,"column":1}},"line":17}},"branchMap":{"0":{"loc":{"start":{"line":9,"column":2},"end":{"line":14,"column":3}},"type":"if","locations":[{"start":{"line":9,"column":2},"end":{"line":14,"column":3}},{"start":{"line":9,"column":2},"end":{"line":14,"column":3}}],"line":9},"1":{"loc":{"start":{"line":18,"column":2},"end":{"line":23,"column":3}},"type":"if","locations":[{"start":{"line":18,"column":2},"end":{"line":23,"column":3}},{"start":{"line":18,"column":2},"end":{"line":23,"column":3}}],"line":18},"2":{"loc":{"start":{"line":18,"column":6},"end":{"line":18,"column":53}},"type":"binary-expr","locations":[{"start":{"line":18,"column":6},"end":{"line":18,"column":18}},{"start":{"line":18,"column":22},"end":{"line":18,"column":53}}],"line":18},"3":{"loc":{"start":{"line":24,"column":2},"end":{"line":33,"column":3}},"type":"if","locations":[{"start":{"line":24,"column":2},"end":{"line":33,"column":3}},{"start":{"line":24,"column":2},"end":{"line":33,"column":3}}],"line":24},"4":{"loc":{"start":{"line":25,"column":4},"end":{"line":27,"column":34}},"type":"binary-expr","locations":[{"start":{"line":25,"column":4},"end":{"line":25,"column":18}},{"start":{"line":26,"column":4},"end":{"line":26,"column":38}},{"start":{"line":27,"column":4},"end":{"line":27,"column":34}}],"line":25},"5":{"loc":{"start":{"line":35,"column":2},"end":{"line":37,"column":3}},"type":"if","locations":[{"start":{"line":35,"column":2},"end":{"line":37,"column":3}},{"start":{"line":35,"column":2},"end":{"line":37,"column":3}}],"line":35}},"s":{"0":3,"1":12,"2":9,"3":3,"4":8,"5":0,"6":8,"7":0,"8":8,"9":8},"f":{"0":12,"1":8},"b":{"0":[9,3],"1":[0,8],"2":[8,8],"3":[0,8],"4":[8,8,3],"5":[8,0]},"_coverageSchema":"332fd63041d2c1bcb487cc26dd0d5f7d97098a6c","hash":"d4440320a7f2528ec916710e6db50717f6e8c285"}
,"/Users/oguzgelal/Core/Oguz/web/2018/reclare/reclare/src/declarations/invokeDeclaration.js": {"path":"/Users/oguzgelal/Core/Oguz/web/2018/reclare/reclare/src/declarations/invokeDeclaration.js","statementMap":{"0":{"start":{"line":17,"column":2},"end":{"line":21,"column":3}},"1":{"start":{"line":18,"column":4},"end":{"line":18,"column":66}},"2":{"start":{"line":20,"column":4},"end":{"line":20,"column":67}},"3":{"start":{"line":23,"column":21},"end":{"line":23,"column":23}},"4":{"start":{"line":24,"column":22},"end":{"line":24,"column":24}},"5":{"start":{"line":27,"column":2},"end":{"line":42,"column":5}},"6":{"start":{"line":30,"column":36},"end":{"line":36,"column":6}},"7":{"start":{"line":40,"column":4},"end":{"line":40,"column":55}},"8":{"start":{"line":41,"column":4},"end":{"line":41,"column":58}},"9":{"start":{"line":45,"column":30},"end":{"line":45,"column":39}},"10":{"start":{"line":48,"column":2},"end":{"line":53,"column":5}},"11":{"start":{"line":58,"column":2},"end":{"line":64,"column":5}}},"fnMap":{"0":{"name":"(anonymous_0)","decl":{"start":{"line":8,"column":15},"end":{"line":8,"column":16}},"loc":{"start":{"line":16,"column":6},"end":{"line":67,"column":1}},"line":16},"1":{"name":"(anonymous_1)","decl":{"start":{"line":27,"column":26},"end":{"line":27,"column":27}},"loc":{"start":{"line":27,"column":47},"end":{"line":42,"column":3}},"line":27}},"branchMap":{"0":{"loc":{"start":{"line":17,"column":2},"end":{"line":21,"column":3}},"type":"if","locations":[{"start":{"line":17,"column":2},"end":{"line":21,"column":3}},{"start":{"line":17,"column":2},"end":{"line":21,"column":3}}],"line":17},"1":{"loc":{"start":{"line":17,"column":6},"end":{"line":17,"column":43}},"type":"binary-expr","locations":[{"start":{"line":17,"column":6},"end":{"line":17,"column":17}},{"start":{"line":17,"column":21},"end":{"line":17,"column":43}}],"line":17},"2":{"loc":{"start":{"line":27,"column":3},"end":{"line":27,"column":20}},"type":"binary-expr","locations":[{"start":{"line":27,"column":3},"end":{"line":27,"column":14}},{"start":{"line":27,"column":18},"end":{"line":27,"column":20}}],"line":27},"3":{"loc":{"start":{"line":40,"column":39},"end":{"line":40,"column":53}},"type":"binary-expr","locations":[{"start":{"line":40,"column":39},"end":{"line":40,"column":47}},{"start":{"line":40,"column":51},"end":{"line":40,"column":53}}],"line":40},"4":{"loc":{"start":{"line":41,"column":41},"end":{"line":41,"column":56}},"type":"binary-expr","locations":[{"start":{"line":41,"column":41},"end":{"line":41,"column":50}},{"start":{"line":41,"column":54},"end":{"line":41,"column":56}}],"line":41}},"s":{"0":0,"1":0,"2":0,"3":0,"4":0,"5":0,"6":0,"7":0,"8":0,"9":0,"10":0,"11":0},"f":{"0":0,"1":0},"b":{"0":[0,0],"1":[0,0],"2":[0,0],"3":[0,0],"4":[0,0]},"_coverageSchema":"332fd63041d2c1bcb487cc26dd0d5f7d97098a6c","hash":"d1eddd3891c6b0cb5634fc32468be045c95c4352"}
,"/Users/oguzgelal/Core/Oguz/web/2018/reclare/reclare/src/declarations/invokeDeclarationObject.js": {"path":"/Users/oguzgelal/Core/Oguz/web/2018/reclare/reclare/src/declarations/invokeDeclarationObject.js","statementMap":{"0":{"start":{"line":16,"column":6},"end":{"line":16,"column":23}},"1":{"start":{"line":18,"column":2},"end":{"line":18,"column":80}},"2":{"start":{"line":20,"column":25},"end":{"line":25,"column":4}},"3":{"start":{"line":27,"column":2},"end":{"line":30,"column":4}}},"fnMap":{"0":{"name":"(anonymous_0)","decl":{"start":{"line":8,"column":15},"end":{"line":8,"column":16}},"loc":{"start":{"line":8,"column":77},"end":{"line":31,"column":1}},"line":8}},"branchMap":{"0":{"loc":{"start":{"line":28,"column":14},"end":{"line":28,"column":54}},"type":"cond-expr","locations":[{"start":{"line":28,"column":31},"end":{"line":28,"column":39}},{"start":{"line":28,"column":42},"end":{"line":28,"column":54}}],"line":28},"1":{"loc":{"start":{"line":29,"column":15},"end":{"line":29,"column":57}},"type":"cond-expr","locations":[{"start":{"line":29,"column":32},"end":{"line":29,"column":41}},{"start":{"line":29,"column":44},"end":{"line":29,"column":57}}],"line":29}},"s":{"0":0,"1":0,"2":0,"3":0},"f":{"0":0},"b":{"0":[0,0],"1":[0,0]},"_coverageSchema":"332fd63041d2c1bcb487cc26dd0d5f7d97098a6c","hash":"41896d8bccd0e121bc95712ca30358724573b47a"}
,"/Users/oguzgelal/Core/Oguz/web/2018/reclare/reclare/src/declarations/parseDeclarations.js": {"path":"/Users/oguzgelal/Core/Oguz/web/2018/reclare/reclare/src/declarations/parseDeclarations.js","statementMap":{"0":{"start":{"line":11,"column":2},"end":{"line":11,"column":47}},"1":{"start":{"line":13,"column":2},"end":{"line":42,"column":9}},"2":{"start":{"line":14,"column":4},"end":{"line":18,"column":7}},"3":{"start":{"line":20,"column":19},"end":{"line":28,"column":5}},"4":{"start":{"line":31,"column":4},"end":{"line":39,"column":5}},"5":{"start":{"line":32,"column":6},"end":{"line":35,"column":9}},"6":{"start":{"line":33,"column":8},"end":{"line":33,"column":32}},"7":{"start":{"line":34,"column":8},"end":{"line":34,"column":29}},"8":{"start":{"line":36,"column":11},"end":{"line":39,"column":5}},"9":{"start":{"line":37,"column":6},"end":{"line":37,"column":54}},"10":{"start":{"line":38,"column":6},"end":{"line":38,"column":39}},"11":{"start":{"line":41,"column":4},"end":{"line":41,"column":15}}},"fnMap":{"0":{"name":"(anonymous_0)","decl":{"start":{"line":10,"column":15},"end":{"line":10,"column":16}},"loc":{"start":{"line":10,"column":59},"end":{"line":43,"column":1}},"line":10},"1":{"name":"(anonymous_1)","decl":{"start":{"line":13,"column":29},"end":{"line":13,"column":30}},"loc":{"start":{"line":13,"column":51},"end":{"line":42,"column":3}},"line":13},"2":{"name":"(anonymous_2)","decl":{"start":{"line":32,"column":25},"end":{"line":32,"column":26}},"loc":{"start":{"line":32,"column":31},"end":{"line":35,"column":7}},"line":32}},"branchMap":{"0":{"loc":{"start":{"line":31,"column":4},"end":{"line":39,"column":5}},"type":"if","locations":[{"start":{"line":31,"column":4},"end":{"line":39,"column":5}},{"start":{"line":31,"column":4},"end":{"line":39,"column":5}}],"line":31},"1":{"loc":{"start":{"line":33,"column":18},"end":{"line":33,"column":31}},"type":"binary-expr","locations":[{"start":{"line":33,"column":18},"end":{"line":33,"column":25}},{"start":{"line":33,"column":29},"end":{"line":33,"column":31}}],"line":33},"2":{"loc":{"start":{"line":36,"column":11},"end":{"line":39,"column":5}},"type":"if","locations":[{"start":{"line":36,"column":11},"end":{"line":39,"column":5}},{"start":{"line":36,"column":11},"end":{"line":39,"column":5}}],"line":36},"3":{"loc":{"start":{"line":37,"column":28},"end":{"line":37,"column":53}},"type":"binary-expr","locations":[{"start":{"line":37,"column":28},"end":{"line":37,"column":47}},{"start":{"line":37,"column":51},"end":{"line":37,"column":53}}],"line":37}},"s":{"0":12,"1":3,"2":8,"3":8,"4":8,"5":3,"6":8,"7":8,"8":5,"9":5,"10":5,"11":8},"f":{"0":12,"1":8,"2":8},"b":{"0":[3,5],"1":[8,4],"2":[5,0],"3":[5,2]},"_coverageSchema":"332fd63041d2c1bcb487cc26dd0d5f7d97098a6c","hash":"114d2f168c795c2694fa2bd720006cdcc72d359e"}
,"/Users/oguzgelal/Core/Oguz/web/2018/reclare/reclare/src/declarations/reactions/invokeReactions.js": {"path":"/Users/oguzgelal/Core/Oguz/web/2018/reclare/reclare/src/declarations/reactions/invokeReactions.js","statementMap":{"0":{"start":{"line":10,"column":24},"end":{"line":38,"column":1}},"1":{"start":{"line":18,"column":2},"end":{"line":22,"column":4}},"2":{"start":{"line":24,"column":2},"end":{"line":24,"column":33}},"3":{"start":{"line":26,"column":2},"end":{"line":31,"column":5}},"4":{"start":{"line":33,"column":2},"end":{"line":37,"column":4}},"5":{"start":{"line":48,"column":2},"end":{"line":52,"column":4}},"6":{"start":{"line":54,"column":2},"end":{"line":62,"column":4}},"7":{"start":{"line":55,"column":4},"end":{"line":61,"column":6}},"8":{"start":{"line":64,"column":2},"end":{"line":68,"column":4}}},"fnMap":{"0":{"name":"(anonymous_0)","decl":{"start":{"line":10,"column":24},"end":{"line":10,"column":25}},"loc":{"start":{"line":16,"column":6},"end":{"line":38,"column":1}},"line":16},"1":{"name":"(anonymous_1)","decl":{"start":{"line":40,"column":15},"end":{"line":40,"column":16}},"loc":{"start":{"line":46,"column":6},"end":{"line":69,"column":1}},"line":46},"2":{"name":"(anonymous_2)","decl":{"start":{"line":54,"column":16},"end":{"line":54,"column":17}},"loc":{"start":{"line":55,"column":4},"end":{"line":61,"column":6}},"line":55}},"branchMap":{},"s":{"0":3,"1":0,"2":0,"3":0,"4":0,"5":0,"6":0,"7":0,"8":0},"f":{"0":0,"1":0,"2":0},"b":{},"_coverageSchema":"332fd63041d2c1bcb487cc26dd0d5f7d97098a6c","hash":"187958aa375cae56d983ad95c915724bf8e5749d"}
,"/Users/oguzgelal/Core/Oguz/web/2018/reclare/reclare/src/declarations/reactions/parseReactions.js": {"path":"/Users/oguzgelal/Core/Oguz/web/2018/reclare/reclare/src/declarations/reactions/parseReactions.js","statementMap":{"0":{"start":{"line":3,"column":48},"end":{"line":6,"column":1}}},"fnMap":{"0":{"name":"(anonymous_0)","decl":{"start":{"line":3,"column":15},"end":{"line":3,"column":16}},"loc":{"start":{"line":3,"column":48},"end":{"line":6,"column":1}},"line":3}},"branchMap":{},"s":{"0":8},"f":{"0":8},"b":{},"_coverageSchema":"332fd63041d2c1bcb487cc26dd0d5f7d97098a6c","hash":"16c3b699aefabb2aaa6a1857981375a1911e5f92"}
,"/Users/oguzgelal/Core/Oguz/web/2018/reclare/reclare/src/declarations/reactions/reactionHelpers.js": {"path":"/Users/oguzgelal/Core/Oguz/web/2018/reclare/reclare/src/declarations/reactions/reactionHelpers.js","statementMap":{"0":{"start":{"line":3,"column":32},"end":{"line":7,"column":1}},"1":{"start":{"line":4,"column":2},"end":{"line":6,"column":3}},"2":{"start":{"line":5,"column":4},"end":{"line":5,"column":92}}},"fnMap":{"0":{"name":"(anonymous_0)","decl":{"start":{"line":3,"column":32},"end":{"line":3,"column":33}},"loc":{"start":{"line":3,"column":50},"end":{"line":7,"column":1}},"line":3}},"branchMap":{"0":{"loc":{"start":{"line":4,"column":2},"end":{"line":6,"column":3}},"type":"if","locations":[{"start":{"line":4,"column":2},"end":{"line":6,"column":3}},{"start":{"line":4,"column":2},"end":{"line":6,"column":3}}],"line":4}},"s":{"0":3,"1":0,"2":0},"f":{"0":0},"b":{"0":[0,0]},"_coverageSchema":"332fd63041d2c1bcb487cc26dd0d5f7d97098a6c","hash":"8231b2df35a8f2a7c391af84e99ae9df5d470d63"}
,"/Users/oguzgelal/Core/Oguz/web/2018/reclare/reclare/src/declarations/reducers/invokeReducers.js": {"path":"/Users/oguzgelal/Core/Oguz/web/2018/reclare/reclare/src/declarations/reducers/invokeReducers.js","statementMap":{"0":{"start":{"line":12,"column":23},"end":{"line":41,"column":1}},"1":{"start":{"line":19,"column":2},"end":{"line":23,"column":4}},"2":{"start":{"line":25,"column":2},"end":{"line":25,"column":31}},"3":{"start":{"line":27,"column":2},"end":{"line":34,"column":4}},"4":{"start":{"line":36,"column":2},"end":{"line":40,"column":4}},"5":{"start":{"line":50,"column":2},"end":{"line":54,"column":4}},"6":{"start":{"line":56,"column":2},"end":{"line":63,"column":5}},"7":{"start":{"line":57,"column":4},"end":{"line":62,"column":6}},"8":{"start":{"line":65,"column":2},"end":{"line":69,"column":4}}},"fnMap":{"0":{"name":"(anonymous_0)","decl":{"start":{"line":12,"column":23},"end":{"line":12,"column":24}},"loc":{"start":{"line":17,"column":6},"end":{"line":41,"column":1}},"line":17},"1":{"name":"(anonymous_1)","decl":{"start":{"line":43,"column":15},"end":{"line":43,"column":16}},"loc":{"start":{"line":48,"column":6},"end":{"line":70,"column":1}},"line":48},"2":{"name":"(anonymous_2)","decl":{"start":{"line":56,"column":15},"end":{"line":56,"column":16}},"loc":{"start":{"line":56,"column":26},"end":{"line":63,"column":3}},"line":56}},"branchMap":{},"s":{"0":3,"1":0,"2":0,"3":0,"4":0,"5":0,"6":0,"7":0,"8":0},"f":{"0":0,"1":0,"2":0},"b":{},"_coverageSchema":"332fd63041d2c1bcb487cc26dd0d5f7d97098a6c","hash":"1c52468299d2ac8cff728b5178f33fcc65c79105"}
,"/Users/oguzgelal/Core/Oguz/web/2018/reclare/reclare/src/declarations/reducers/parseReducers.js": {"path":"/Users/oguzgelal/Core/Oguz/web/2018/reclare/reclare/src/declarations/reducers/parseReducers.js","statementMap":{"0":{"start":{"line":3,"column":46},"end":{"line":6,"column":1}}},"fnMap":{"0":{"name":"(anonymous_0)","decl":{"start":{"line":3,"column":15},"end":{"line":3,"column":16}},"loc":{"start":{"line":3,"column":46},"end":{"line":6,"column":1}},"line":3}},"branchMap":{},"s":{"0":8},"f":{"0":8},"b":{},"_coverageSchema":"332fd63041d2c1bcb487cc26dd0d5f7d97098a6c","hash":"2b3c357ef009615b72e308b4b989e3799055b704"}
,"/Users/oguzgelal/Core/Oguz/web/2018/reclare/reclare/src/declarations/reducers/reducerHelpers.js": {"path":"/Users/oguzgelal/Core/Oguz/web/2018/reclare/reclare/src/declarations/reducers/reducerHelpers.js","statementMap":{"0":{"start":{"line":3,"column":31},"end":{"line":7,"column":1}},"1":{"start":{"line":4,"column":2},"end":{"line":6,"column":3}},"2":{"start":{"line":5,"column":4},"end":{"line":5,"column":89}}},"fnMap":{"0":{"name":"(anonymous_0)","decl":{"start":{"line":3,"column":31},"end":{"line":3,"column":32}},"loc":{"start":{"line":3,"column":48},"end":{"line":7,"column":1}},"line":3}},"branchMap":{"0":{"loc":{"start":{"line":4,"column":2},"end":{"line":6,"column":3}},"type":"if","locations":[{"start":{"line":4,"column":2},"end":{"line":6,"column":3}},{"start":{"line":4,"column":2},"end":{"line":6,"column":3}}],"line":4}},"s":{"0":3,"1":0,"2":0},"f":{"0":0},"b":{"0":[0,0]},"_coverageSchema":"332fd63041d2c1bcb487cc26dd0d5f7d97098a6c","hash":"a34d0f0dfa283ba7fb53a3119a1f90de9586f29c"}
,"/Users/oguzgelal/Core/Oguz/web/2018/reclare/reclare/src/declarations/situations/evaluateSituations.js": {"path":"/Users/oguzgelal/Core/Oguz/web/2018/reclare/reclare/src/declarations/situations/evaluateSituations.js","statementMap":{"0":{"start":{"line":4,"column":26},"end":{"line":20,"column":1}},"1":{"start":{"line":11,"column":2},"end":{"line":19,"column":3}},"2":{"start":{"line":12,"column":4},"end":{"line":16,"column":7}},"3":{"start":{"line":18,"column":4},"end":{"line":18,"column":23}},"4":{"start":{"line":30,"column":23},"end":{"line":37,"column":3}},"5":{"start":{"line":31,"column":9},"end":{"line":36,"column":6}},"6":{"start":{"line":39,"column":2},"end":{"line":51,"column":3}},"7":{"start":{"line":40,"column":4},"end":{"line":44,"column":6}},"8":{"start":{"line":46,"column":4},"end":{"line":50,"column":6}},"9":{"start":{"line":53,"column":2},"end":{"line":53,"column":24}}},"fnMap":{"0":{"name":"(anonymous_0)","decl":{"start":{"line":4,"column":26},"end":{"line":4,"column":27}},"loc":{"start":{"line":9,"column":6},"end":{"line":20,"column":1}},"line":9},"1":{"name":"(anonymous_1)","decl":{"start":{"line":22,"column":15},"end":{"line":22,"column":16}},"loc":{"start":{"line":28,"column":6},"end":{"line":54,"column":1}},"line":28},"2":{"name":"(anonymous_2)","decl":{"start":{"line":31,"column":4},"end":{"line":31,"column":5}},"loc":{"start":{"line":31,"column":9},"end":{"line":36,"column":6}},"line":31}},"branchMap":{"0":{"loc":{"start":{"line":11,"column":2},"end":{"line":19,"column":3}},"type":"if","locations":[{"start":{"line":11,"column":2},"end":{"line":19,"column":3}},{"start":{"line":11,"column":2},"end":{"line":19,"column":3}}],"line":11},"1":{"loc":{"start":{"line":39,"column":2},"end":{"line":51,"column":3}},"type":"if","locations":[{"start":{"line":39,"column":2},"end":{"line":51,"column":3}},{"start":{"line":39,"column":2},"end":{"line":51,"column":3}}],"line":39}},"s":{"0":3,"1":0,"2":0,"3":0,"4":0,"5":0,"6":0,"7":0,"8":0,"9":0},"f":{"0":0,"1":0,"2":0},"b":{"0":[0,0],"1":[0,0]},"_coverageSchema":"332fd63041d2c1bcb487cc26dd0d5f7d97098a6c","hash":"b8b7727c1bdeee2b131266069ac87dd5fe2736ad"}
,"/Users/oguzgelal/Core/Oguz/web/2018/reclare/reclare/src/declarations/situations/parseSituations.js": {"path":"/Users/oguzgelal/Core/Oguz/web/2018/reclare/reclare/src/declarations/situations/parseSituations.js","statementMap":{"0":{"start":{"line":3,"column":35},"end":{"line":5,"column":1}}},"fnMap":{"0":{"name":"(anonymous_0)","decl":{"start":{"line":3,"column":15},"end":{"line":3,"column":16}},"loc":{"start":{"line":3,"column":35},"end":{"line":5,"column":1}},"line":3}},"branchMap":{},"s":{"0":8},"f":{"0":8},"b":{},"_coverageSchema":"332fd63041d2c1bcb487cc26dd0d5f7d97098a6c","hash":"03cd5be67abdf04d69ac874dce4bb3ff962a8850"}
,"/Users/oguzgelal/Core/Oguz/web/2018/reclare/reclare/src/middlewares/executeHooks.js": {"path":"/Users/oguzgelal/Core/Oguz/web/2018/reclare/reclare/src/middlewares/executeHooks.js","statementMap":{"0":{"start":{"line":3,"column":20},"end":{"line":14,"column":1}},"1":{"start":{"line":4,"column":2},"end":{"line":13,"column":3}},"2":{"start":{"line":5,"column":4},"end":{"line":12,"column":7}},"3":{"start":{"line":8,"column":16},"end":{"line":8,"column":59}},"4":{"start":{"line":9,"column":6},"end":{"line":11,"column":7}},"5":{"start":{"line":10,"column":8},"end":{"line":10,"column":17}},"6":{"start":{"line":17,"column":2},"end":{"line":25,"column":3}},"7":{"start":{"line":19,"column":4},"end":{"line":19,"column":63}},"8":{"start":{"line":21,"column":4},"end":{"line":24,"column":6}}},"fnMap":{"0":{"name":"(anonymous_0)","decl":{"start":{"line":3,"column":20},"end":{"line":3,"column":21}},"loc":{"start":{"line":3,"column":65},"end":{"line":14,"column":1}},"line":3},"1":{"name":"(anonymous_1)","decl":{"start":{"line":5,"column":12},"end":{"line":5,"column":13}},"loc":{"start":{"line":5,"column":17},"end":{"line":12,"column":5}},"line":5},"2":{"name":"(anonymous_2)","decl":{"start":{"line":16,"column":15},"end":{"line":16,"column":16}},"loc":{"start":{"line":16,"column":46},"end":{"line":26,"column":1}},"line":16}},"branchMap":{"0":{"loc":{"start":{"line":4,"column":2},"end":{"line":13,"column":3}},"type":"if","locations":[{"start":{"line":4,"column":2},"end":{"line":13,"column":3}},{"start":{"line":4,"column":2},"end":{"line":13,"column":3}}],"line":4},"1":{"loc":{"start":{"line":8,"column":16},"end":{"line":8,"column":59}},"type":"cond-expr","locations":[{"start":{"line":8,"column":26},"end":{"line":8,"column":46}},{"start":{"line":8,"column":49},"end":{"line":8,"column":59}}],"line":8},"2":{"loc":{"start":{"line":9,"column":6},"end":{"line":11,"column":7}},"type":"if","locations":[{"start":{"line":9,"column":6},"end":{"line":11,"column":7}},{"start":{"line":9,"column":6},"end":{"line":11,"column":7}}],"line":9},"3":{"loc":{"start":{"line":9,"column":10},"end":{"line":9,"column":42}},"type":"binary-expr","locations":[{"start":{"line":9,"column":10},"end":{"line":9,"column":13}},{"start":{"line":9,"column":17},"end":{"line":9,"column":42}}],"line":9},"4":{"loc":{"start":{"line":17,"column":2},"end":{"line":25,"column":3}},"type":"if","locations":[{"start":{"line":17,"column":2},"end":{"line":25,"column":3}},{"start":{"line":17,"column":2},"end":{"line":25,"column":3}}],"line":17}},"s":{"0":3,"1":0,"2":0,"3":0,"4":0,"5":0,"6":42,"7":0,"8":0},"f":{"0":0,"1":0,"2":42},"b":{"0":[0,0],"1":[0,0],"2":[0,0],"3":[0,0],"4":[0,42]},"_coverageSchema":"332fd63041d2c1bcb487cc26dd0d5f7d97098a6c","hash":"3f7aad2a25eae2954a4f9f249475b26be441a85a"}
,"/Users/oguzgelal/Core/Oguz/web/2018/reclare/reclare/src/middlewares/hookTypes.js": {"path":"/Users/oguzgelal/Core/Oguz/web/2018/reclare/reclare/src/middlewares/hookTypes.js","statementMap":{"0":{"start":{"line":10,"column":23},"end":{"line":10,"column":32}},"1":{"start":{"line":15,"column":28},"end":{"line":15,"column":41}},"2":{"start":{"line":25,"column":28},"end":{"line":25,"column":41}},"3":{"start":{"line":30,"column":27},"end":{"line":30,"column":39}},"4":{"start":{"line":38,"column":25},"end":{"line":38,"column":35}},"5":{"start":{"line":47,"column":32},"end":{"line":47,"column":48}},"6":{"start":{"line":56,"column":31},"end":{"line":56,"column":46}},"7":{"start":{"line":65,"column":32},"end":{"line":65,"column":49}},"8":{"start":{"line":74,"column":31},"end":{"line":74,"column":47}},"9":{"start":{"line":83,"column":31},"end":{"line":83,"column":47}},"10":{"start":{"line":93,"column":32},"end":{"line":93,"column":49}},"11":{"start":{"line":105,"column":37},"end":{"line":105,"column":59}},"12":{"start":{"line":115,"column":30},"end":{"line":115,"column":45}},"13":{"start":{"line":125,"column":31},"end":{"line":125,"column":47}},"14":{"start":{"line":135,"column":30},"end":{"line":135,"column":45}},"15":{"start":{"line":145,"column":31},"end":{"line":145,"column":47}},"16":{"start":{"line":155,"column":29},"end":{"line":155,"column":43}},"17":{"start":{"line":165,"column":30},"end":{"line":165,"column":45}},"18":{"start":{"line":175,"column":31},"end":{"line":175,"column":47}},"19":{"start":{"line":185,"column":32},"end":{"line":185,"column":49}},"20":{"start":{"line":195,"column":30},"end":{"line":195,"column":45}},"21":{"start":{"line":205,"column":31},"end":{"line":205,"column":47}}},"fnMap":{},"branchMap":{},"s":{"0":3,"1":3,"2":3,"3":3,"4":3,"5":3,"6":3,"7":3,"8":3,"9":3,"10":3,"11":3,"12":3,"13":3,"14":3,"15":3,"16":3,"17":3,"18":3,"19":3,"20":3,"21":3},"f":{},"b":{},"_coverageSchema":"332fd63041d2c1bcb487cc26dd0d5f7d97098a6c","hash":"7e392736bb6c9c907923c5e09e1de5819e4922b6"}
,"/Users/oguzgelal/Core/Oguz/web/2018/reclare/reclare/src/middlewares/middlewareHelpers.js": {"path":"/Users/oguzgelal/Core/Oguz/web/2018/reclare/reclare/src/middlewares/middlewareHelpers.js","statementMap":{"0":{"start":{"line":3,"column":34},"end":{"line":10,"column":1}},"1":{"start":{"line":4,"column":2},"end":{"line":9,"column":3}},"2":{"start":{"line":5,"column":4},"end":{"line":8,"column":6}},"3":{"start":{"line":12,"column":29},"end":{"line":23,"column":1}},"4":{"start":{"line":14,"column":2},"end":{"line":16,"column":3}},"5":{"start":{"line":15,"column":4},"end":{"line":15,"column":11}},"6":{"start":{"line":17,"column":2},"end":{"line":22,"column":3}},"7":{"start":{"line":18,"column":4},"end":{"line":21,"column":6}}},"fnMap":{"0":{"name":"(anonymous_0)","decl":{"start":{"line":3,"column":34},"end":{"line":3,"column":35}},"loc":{"start":{"line":3,"column":44},"end":{"line":10,"column":1}},"line":3},"1":{"name":"(anonymous_1)","decl":{"start":{"line":12,"column":29},"end":{"line":12,"column":30}},"loc":{"start":{"line":12,"column":38},"end":{"line":23,"column":1}},"line":12}},"branchMap":{"0":{"loc":{"start":{"line":4,"column":2},"end":{"line":9,"column":3}},"type":"if","locations":[{"start":{"line":4,"column":2},"end":{"line":9,"column":3}},{"start":{"line":4,"column":2},"end":{"line":9,"column":3}}],"line":4},"1":{"loc":{"start":{"line":14,"column":2},"end":{"line":16,"column":3}},"type":"if","locations":[{"start":{"line":14,"column":2},"end":{"line":16,"column":3}},{"start":{"line":14,"column":2},"end":{"line":16,"column":3}}],"line":14},"2":{"loc":{"start":{"line":14,"column":6},"end":{"line":14,"column":43}},"type":"binary-expr","locations":[{"start":{"line":14,"column":6},"end":{"line":14,"column":25}},{"start":{"line":14,"column":29},"end":{"line":14,"column":43}}],"line":14},"3":{"loc":{"start":{"line":17,"column":2},"end":{"line":22,"column":3}},"type":"if","locations":[{"start":{"line":17,"column":2},"end":{"line":22,"column":3}},{"start":{"line":17,"column":2},"end":{"line":22,"column":3}}],"line":17},"4":{"loc":{"start":{"line":17,"column":6},"end":{"line":17,"column":58}},"type":"binary-expr","locations":[{"start":{"line":17,"column":6},"end":{"line":17,"column":27}},{"start":{"line":17,"column":31},"end":{"line":17,"column":58}}],"line":17}},"s":{"0":3,"1":4,"2":1,"3":3,"4":66,"5":63,"6":3,"7":0},"f":{"0":4,"1":66},"b":{"0":[1,3],"1":[63,3],"2":[66,3],"3":[0,3],"4":[3,2]},"_coverageSchema":"332fd63041d2c1bcb487cc26dd0d5f7d97098a6c","hash":"8310121fb784a348525104eb89b0cf1851e634b3"}
,"/Users/oguzgelal/Core/Oguz/web/2018/reclare/reclare/src/middlewares/registerHooks.js": {"path":"/Users/oguzgelal/Core/Oguz/web/2018/reclare/reclare/src/middlewares/registerHooks.js","statementMap":{"0":{"start":{"line":4,"column":30},"end":{"line":18,"column":1}},"1":{"start":{"line":4,"column":37},"end":{"line":18,"column":1}},"2":{"start":{"line":5,"column":2},"end":{"line":5,"column":23}},"3":{"start":{"line":6,"column":17},"end":{"line":6,"column":34}},"4":{"start":{"line":8,"column":2},"end":{"line":8,"column":36}},"5":{"start":{"line":9,"column":2},"end":{"line":9,"column":52}},"6":{"start":{"line":11,"column":2},"end":{"line":13,"column":3}},"7":{"start":{"line":12,"column":4},"end":{"line":12,"column":62}},"8":{"start":{"line":15,"column":2},"end":{"line":17,"column":3}},"9":{"start":{"line":16,"column":4},"end":{"line":16,"column":37}}},"fnMap":{"0":{"name":"(anonymous_0)","decl":{"start":{"line":4,"column":30},"end":{"line":4,"column":31}},"loc":{"start":{"line":4,"column":37},"end":{"line":18,"column":1}},"line":4},"1":{"name":"(anonymous_1)","decl":{"start":{"line":4,"column":37},"end":{"line":4,"column":38}},"loc":{"start":{"line":4,"column":56},"end":{"line":18,"column":1}},"line":4}},"branchMap":{"0":{"loc":{"start":{"line":6,"column":17},"end":{"line":6,"column":34}},"type":"binary-expr","locations":[{"start":{"line":6,"column":17},"end":{"line":6,"column":20}},{"start":{"line":6,"column":24},"end":{"line":6,"column":34}}],"line":6},"1":{"loc":{"start":{"line":8,"column":17},"end":{"line":8,"column":35}},"type":"binary-expr","locations":[{"start":{"line":8,"column":17},"end":{"line":8,"column":29}},{"start":{"line":8,"column":33},"end":{"line":8,"column":35}}],"line":8},"2":{"loc":{"start":{"line":9,"column":25},"end":{"line":9,"column":51}},"type":"binary-expr","locations":[{"start":{"line":9,"column":25},"end":{"line":9,"column":45}},{"start":{"line":9,"column":49},"end":{"line":9,"column":51}}],"line":9},"3":{"loc":{"start":{"line":11,"column":2},"end":{"line":13,"column":3}},"type":"if","locations":[{"start":{"line":11,"column":2},"end":{"line":13,"column":3}},{"start":{"line":11,"column":2},"end":{"line":13,"column":3}}],"line":11},"4":{"loc":{"start":{"line":15,"column":2},"end":{"line":17,"column":3}},"type":"if","locations":[{"start":{"line":15,"column":2},"end":{"line":17,"column":3}},{"start":{"line":15,"column":2},"end":{"line":17,"column":3}}],"line":15}},"s":{"0":3,"1":69,"2":66,"3":66,"4":66,"5":66,"6":66,"7":1,"8":66,"9":2},"f":{"0":69,"1":66},"b":{"0":[66,0],"1":[66,3],"2":[66,66],"3":[1,65],"4":[2,64]},"_coverageSchema":"332fd63041d2c1bcb487cc26dd0d5f7d97098a6c","hash":"20f20cc8386aef185138fcac1b29fe6f186d4b57"}
,"/Users/oguzgelal/Core/Oguz/web/2018/reclare/reclare/src/middlewares/registerMiddleware.js": {"path":"/Users/oguzgelal/Core/Oguz/web/2018/reclare/reclare/src/middlewares/registerMiddleware.js","statementMap":{"0":{"start":{"line":5,"column":35},"end":{"line":13,"column":1}},"1":{"start":{"line":5,"column":42},"end":{"line":13,"column":1}},"2":{"start":{"line":6,"column":2},"end":{"line":6,"column":29}},"3":{"start":{"line":7,"column":17},"end":{"line":7,"column":34}},"4":{"start":{"line":9,"column":34},"end":{"line":9,"column":43}},"5":{"start":{"line":10,"column":2},"end":{"line":12,"column":5}},"6":{"start":{"line":11,"column":4},"end":{"line":11,"column":67}}},"fnMap":{"0":{"name":"(anonymous_0)","decl":{"start":{"line":5,"column":35},"end":{"line":5,"column":36}},"loc":{"start":{"line":5,"column":42},"end":{"line":13,"column":1}},"line":5},"1":{"name":"(anonymous_1)","decl":{"start":{"line":5,"column":42},"end":{"line":5,"column":43}},"loc":{"start":{"line":5,"column":52},"end":{"line":13,"column":1}},"line":5},"2":{"name":"(anonymous_2)","decl":{"start":{"line":10,"column":24},"end":{"line":10,"column":25}},"loc":{"start":{"line":10,"column":32},"end":{"line":12,"column":3}},"line":10}},"branchMap":{"0":{"loc":{"start":{"line":7,"column":17},"end":{"line":7,"column":34}},"type":"binary-expr","locations":[{"start":{"line":7,"column":17},"end":{"line":7,"column":20}},{"start":{"line":7,"column":24},"end":{"line":7,"column":34}}],"line":7}},"s":{"0":3,"1":6,"2":4,"3":3,"4":3,"5":3,"6":66},"f":{"0":6,"1":4,"2":66},"b":{"0":[3,1]},"_coverageSchema":"332fd63041d2c1bcb487cc26dd0d5f7d97098a6c","hash":"a86466b4ff6ce4ea9707db6e4d7cf96fadf2b616"}
,"/Users/oguzgelal/Core/Oguz/web/2018/reclare/reclare/src/state/getState.js": {"path":"/Users/oguzgelal/Core/Oguz/web/2018/reclare/reclare/src/state/getState.js","statementMap":{"0":{"start":{"line":6,"column":25},"end":{"line":9,"column":1}},"1":{"start":{"line":6,"column":32},"end":{"line":9,"column":1}},"2":{"start":{"line":7,"column":2},"end":{"line":7,"column":69}},"3":{"start":{"line":8,"column":2},"end":{"line":8,"column":19}}},"fnMap":{"0":{"name":"(anonymous_0)","decl":{"start":{"line":6,"column":25},"end":{"line":6,"column":26}},"loc":{"start":{"line":6,"column":32},"end":{"line":9,"column":1}},"line":6},"1":{"name":"(anonymous_1)","decl":{"start":{"line":6,"column":32},"end":{"line":6,"column":33}},"loc":{"start":{"line":6,"column":38},"end":{"line":9,"column":1}},"line":6}},"branchMap":{"0":{"loc":{"start":{"line":7,"column":22},"end":{"line":7,"column":39}},"type":"binary-expr","locations":[{"start":{"line":7,"column":22},"end":{"line":7,"column":25}},{"start":{"line":7,"column":29},"end":{"line":7,"column":39}}],"line":7}},"s":{"0":3,"1":3,"2":0,"3":0},"f":{"0":3,"1":0},"b":{"0":[0,0]},"_coverageSchema":"332fd63041d2c1bcb487cc26dd0d5f7d97098a6c","hash":"18b448f461b158f32563f8241b6ab9d1eeb5428e"}
,"/Users/oguzgelal/Core/Oguz/web/2018/reclare/reclare/src/state/setState.js": {"path":"/Users/oguzgelal/Core/Oguz/web/2018/reclare/reclare/src/state/setState.js","statementMap":{"0":{"start":{"line":7,"column":17},"end":{"line":7,"column":34}},"1":{"start":{"line":8,"column":20},"end":{"line":8,"column":32}},"2":{"start":{"line":10,"column":2},"end":{"line":10,"column":79}},"3":{"start":{"line":12,"column":2},"end":{"line":12,"column":27}},"4":{"start":{"line":14,"column":2},"end":{"line":14,"column":78}}},"fnMap":{"0":{"name":"(anonymous_0)","decl":{"start":{"line":6,"column":15},"end":{"line":6,"column":16}},"loc":{"start":{"line":6,"column":39},"end":{"line":15,"column":1}},"line":6}},"branchMap":{"0":{"loc":{"start":{"line":7,"column":17},"end":{"line":7,"column":34}},"type":"binary-expr","locations":[{"start":{"line":7,"column":17},"end":{"line":7,"column":20}},{"start":{"line":7,"column":24},"end":{"line":7,"column":34}}],"line":7}},"s":{"0":0,"1":0,"2":0,"3":0,"4":0},"f":{"0":0},"b":{"0":[0,0]},"_coverageSchema":"332fd63041d2c1bcb487cc26dd0d5f7d97098a6c","hash":"fb242f913bfbdb47f970b1d25df2c9679639e14f"}
,"/Users/oguzgelal/Core/Oguz/web/2018/reclare/reclare/src/subscriptions/subscriptionHelpers.js": {"path":"/Users/oguzgelal/Core/Oguz/web/2018/reclare/reclare/src/subscriptions/subscriptionHelpers.js","statementMap":{"0":{"start":{"line":1,"column":47},"end":{"line":1,"column":55}},"1":{"start":{"line":2,"column":45},"end":{"line":2,"column":53}},"2":{"start":{"line":3,"column":43},"end":{"line":3,"column":51}},"3":{"start":{"line":4,"column":44},"end":{"line":4,"column":52}}},"fnMap":{"0":{"name":"(anonymous_0)","decl":{"start":{"line":1,"column":47},"end":{"line":1,"column":48}},"loc":{"start":{"line":1,"column":53},"end":{"line":1,"column":55}},"line":1},"1":{"name":"(anonymous_1)","decl":{"start":{"line":2,"column":45},"end":{"line":2,"column":46}},"loc":{"start":{"line":2,"column":51},"end":{"line":2,"column":53}},"line":2},"2":{"name":"(anonymous_2)","decl":{"start":{"line":3,"column":43},"end":{"line":3,"column":44}},"loc":{"start":{"line":3,"column":49},"end":{"line":3,"column":51}},"line":3},"3":{"name":"(anonymous_3)","decl":{"start":{"line":4,"column":44},"end":{"line":4,"column":45}},"loc":{"start":{"line":4,"column":50},"end":{"line":4,"column":52}},"line":4}},"branchMap":{},"s":{"0":3,"1":3,"2":3,"3":3},"f":{"0":0,"1":0,"2":0,"3":0},"b":{},"_coverageSchema":"332fd63041d2c1bcb487cc26dd0d5f7d97098a6c","hash":"f43a4b1dee485cde68aa7ff7927bf7791b1fe6db"}
,"/Users/oguzgelal/Core/Oguz/web/2018/reclare/reclare/src/utils/alert.js": {"path":"/Users/oguzgelal/Core/Oguz/web/2018/reclare/reclare/src/utils/alert.js","statementMap":{"0":{"start":{"line":1,"column":30},"end":{"line":1,"column":46}},"1":{"start":{"line":2,"column":41},"end":{"line":2,"column":68}},"2":{"start":{"line":3,"column":28},"end":{"line":3,"column":42}},"3":{"start":{"line":4,"column":44},"end":{"line":4,"column":74}},"4":{"start":{"line":5,"column":35},"end":{"line":5,"column":56}},"5":{"start":{"line":6,"column":31},"end":{"line":6,"column":48}},"6":{"start":{"line":7,"column":31},"end":{"line":7,"column":48}},"7":{"start":{"line":8,"column":32},"end":{"line":8,"column":50}},"8":{"start":{"line":9,"column":31},"end":{"line":9,"column":48}},"9":{"start":{"line":10,"column":28},"end":{"line":10,"column":42}},"10":{"start":{"line":11,"column":28},"end":{"line":11,"column":42}},"11":{"start":{"line":13,"column":20},"end":{"line":15,"column":1}},"12":{"start":{"line":14,"column":2},"end":{"line":14,"column":33}},"13":{"start":{"line":17,"column":23},"end":{"line":17,"column":60}},"14":{"start":{"line":17,"column":33},"end":{"line":17,"column":60}},"15":{"start":{"line":18,"column":21},"end":{"line":18,"column":59}},"16":{"start":{"line":18,"column":31},"end":{"line":18,"column":59}}},"fnMap":{"0":{"name":"(anonymous_0)","decl":{"start":{"line":13,"column":20},"end":{"line":13,"column":21}},"loc":{"start":{"line":13,"column":30},"end":{"line":15,"column":1}},"line":13},"1":{"name":"(anonymous_1)","decl":{"start":{"line":17,"column":23},"end":{"line":17,"column":24}},"loc":{"start":{"line":17,"column":33},"end":{"line":17,"column":60}},"line":17},"2":{"name":"(anonymous_2)","decl":{"start":{"line":18,"column":21},"end":{"line":18,"column":22}},"loc":{"start":{"line":18,"column":31},"end":{"line":18,"column":59}},"line":18}},"branchMap":{},"s":{"0":3,"1":3,"2":3,"3":3,"4":3,"5":3,"6":3,"7":3,"8":3,"9":3,"10":3,"11":3,"12":10,"13":3,"14":0,"15":3,"16":0},"f":{"0":10,"1":0,"2":0},"b":{},"_coverageSchema":"332fd63041d2c1bcb487cc26dd0d5f7d97098a6c","hash":"867758ea96174535e45a7153a91491bd94e9829f"}
,"/Users/oguzgelal/Core/Oguz/web/2018/reclare/reclare/src/utils/operators.js": {"path":"/Users/oguzgelal/Core/Oguz/web/2018/reclare/reclare/src/utils/operators.js","statementMap":{"0":{"start":{"line":17,"column":19},"end":{"line":26,"column":4}},"1":{"start":{"line":17,"column":34},"end":{"line":26,"column":4}},"2":{"start":{"line":18,"column":2},"end":{"line":26,"column":4}},"3":{"start":{"line":19,"column":4},"end":{"line":21,"column":5}},"4":{"start":{"line":20,"column":6},"end":{"line":20,"column":32}},"5":{"start":{"line":22,"column":4},"end":{"line":24,"column":5}},"6":{"start":{"line":23,"column":6},"end":{"line":23,"column":24}},"7":{"start":{"line":25,"column":4},"end":{"line":25,"column":15}},"8":{"start":{"line":47,"column":18},"end":{"line":56,"column":4}},"9":{"start":{"line":47,"column":33},"end":{"line":56,"column":4}},"10":{"start":{"line":48,"column":2},"end":{"line":56,"column":4}},"11":{"start":{"line":49,"column":4},"end":{"line":51,"column":5}},"12":{"start":{"line":50,"column":6},"end":{"line":50,"column":31}},"13":{"start":{"line":52,"column":4},"end":{"line":54,"column":5}},"14":{"start":{"line":53,"column":6},"end":{"line":53,"column":24}},"15":{"start":{"line":55,"column":4},"end":{"line":55,"column":15}},"16":{"start":{"line":96,"column":19},"end":{"line":104,"column":1}},"17":{"start":{"line":96,"column":28},"end":{"line":104,"column":1}},"18":{"start":{"line":97,"column":2},"end":{"line":99,"column":3}},"19":{"start":{"line":98,"column":4},"end":{"line":98,"column":43}},"20":{"start":{"line":98,"column":26},"end":{"line":98,"column":41}},"21":{"start":{"line":100,"column":2},"end":{"line":102,"column":3}},"22":{"start":{"line":101,"column":4},"end":{"line":101,"column":27}},"23":{"start":{"line":103,"column":2},"end":{"line":103,"column":16}}},"fnMap":{"0":{"name":"(anonymous_0)","decl":{"start":{"line":17,"column":19},"end":{"line":17,"column":20}},"loc":{"start":{"line":17,"column":34},"end":{"line":26,"column":4}},"line":17},"1":{"name":"(anonymous_1)","decl":{"start":{"line":17,"column":34},"end":{"line":17,"column":35}},"loc":{"start":{"line":18,"column":2},"end":{"line":26,"column":4}},"line":18},"2":{"name":"(anonymous_2)","decl":{"start":{"line":18,"column":15},"end":{"line":18,"column":16}},"loc":{"start":{"line":18,"column":20},"end":{"line":26,"column":3}},"line":18},"3":{"name":"(anonymous_3)","decl":{"start":{"line":47,"column":18},"end":{"line":47,"column":19}},"loc":{"start":{"line":47,"column":33},"end":{"line":56,"column":4}},"line":47},"4":{"name":"(anonymous_4)","decl":{"start":{"line":47,"column":33},"end":{"line":47,"column":34}},"loc":{"start":{"line":48,"column":2},"end":{"line":56,"column":4}},"line":48},"5":{"name":"(anonymous_5)","decl":{"start":{"line":48,"column":14},"end":{"line":48,"column":15}},"loc":{"start":{"line":48,"column":19},"end":{"line":56,"column":3}},"line":48},"6":{"name":"(anonymous_6)","decl":{"start":{"line":96,"column":19},"end":{"line":96,"column":20}},"loc":{"start":{"line":96,"column":28},"end":{"line":104,"column":1}},"line":96},"7":{"name":"(anonymous_7)","decl":{"start":{"line":96,"column":28},"end":{"line":96,"column":29}},"loc":{"start":{"line":96,"column":41},"end":{"line":104,"column":1}},"line":96},"8":{"name":"(anonymous_8)","decl":{"start":{"line":98,"column":21},"end":{"line":98,"column":22}},"loc":{"start":{"line":98,"column":26},"end":{"line":98,"column":41}},"line":98}},"branchMap":{"0":{"loc":{"start":{"line":19,"column":4},"end":{"line":21,"column":5}},"type":"if","locations":[{"start":{"line":19,"column":4},"end":{"line":21,"column":5}},{"start":{"line":19,"column":4},"end":{"line":21,"column":5}}],"line":19},"1":{"loc":{"start":{"line":22,"column":4},"end":{"line":24,"column":5}},"type":"if","locations":[{"start":{"line":22,"column":4},"end":{"line":24,"column":5}},{"start":{"line":22,"column":4},"end":{"line":24,"column":5}}],"line":22},"2":{"loc":{"start":{"line":49,"column":4},"end":{"line":51,"column":5}},"type":"if","locations":[{"start":{"line":49,"column":4},"end":{"line":51,"column":5}},{"start":{"line":49,"column":4},"end":{"line":51,"column":5}}],"line":49},"3":{"loc":{"start":{"line":52,"column":4},"end":{"line":54,"column":5}},"type":"if","locations":[{"start":{"line":52,"column":4},"end":{"line":54,"column":5}},{"start":{"line":52,"column":4},"end":{"line":54,"column":5}}],"line":52},"4":{"loc":{"start":{"line":97,"column":2},"end":{"line":99,"column":3}},"type":"if","locations":[{"start":{"line":97,"column":2},"end":{"line":99,"column":3}},{"start":{"line":97,"column":2},"end":{"line":99,"column":3}}],"line":97},"5":{"loc":{"start":{"line":100,"column":2},"end":{"line":102,"column":3}},"type":"if","locations":[{"start":{"line":100,"column":2},"end":{"line":102,"column":3}},{"start":{"line":100,"column":2},"end":{"line":102,"column":3}}],"line":100}},"s":{"0":1,"1":28,"2":25,"3":40,"4":0,"5":40,"6":13,"7":27,"8":1,"9":27,"10":24,"11":29,"12":0,"13":29,"14":9,"15":20,"16":1,"17":20,"18":17,"19":3,"20":9,"21":14,"22":3,"23":11},"f":{"0":28,"1":25,"2":40,"3":27,"4":24,"5":29,"6":20,"7":17,"8":9},"b":{"0":[0,40],"1":[13,27],"2":[0,29],"3":[9,20],"4":[3,14],"5":[3,11]},"_coverageSchema":"332fd63041d2c1bcb487cc26dd0d5f7d97098a6c","hash":"5617d8b0c47c91ae0cde4d76b22cfe06c90108e4"}
,"/Users/oguzgelal/Core/Oguz/web/2018/reclare/reclare/src/utils/toArray.js": {"path":"/Users/oguzgelal/Core/Oguz/web/2018/reclare/reclare/src/utils/toArray.js","statementMap":{"0":{"start":{"line":1,"column":21},"end":{"line":1,"column":58}}},"fnMap":{"0":{"name":"(anonymous_0)","decl":{"start":{"line":1,"column":15},"end":{"line":1,"column":16}},"loc":{"start":{"line":1,"column":21},"end":{"line":1,"column":58}},"line":1}},"branchMap":{"0":{"loc":{"start":{"line":1,"column":21},"end":{"line":1,"column":58}},"type":"cond-expr","locations":[{"start":{"line":1,"column":26},"end":{"line":1,"column":52}},{"start":{"line":1,"column":56},"end":{"line":1,"column":58}}],"line":1},"1":{"loc":{"start":{"line":1,"column":26},"end":{"line":1,"column":52}},"type":"cond-expr","locations":[{"start":{"line":1,"column":45},"end":{"line":1,"column":46}},{"start":{"line":1,"column":49},"end":{"line":1,"column":52}}],"line":1}},"s":{"0":40},"f":{"0":40},"b":{"0":[10,30],"1":[0,10]},"_coverageSchema":"332fd63041d2c1bcb487cc26dd0d5f7d97098a6c","hash":"ec061213679a7c2be7fbf2f43948b8ff94d2a5a1"}
}
