TN:
SF:/Users/oguzgelal/Core/Oguz/web/2018/reclare/reclare/src/broadcasts/broadcast.js
FN:8,(anonymous_0)
FN:19,(anonymous_1)
FN:19,(anonymous_2)
FN:22,(anonymous_3)
FNF:4
FNH:4
FNDA:3,(anonymous_0)
FNDA:10,(anonymous_1)
FNDA:5,(anonymous_2)
FNDA:1,(anonymous_3)
DA:8,7
DA:9,3
DA:10,3
DA:16,3
DA:19,10
DA:20,5
DA:21,5
DA:22,3
DA:23,1
DA:31,2
LF:10
LH:10
BRDA:19,0,0,4
BRDA:21,1,0,3
BRDA:21,1,1,2
BRDA:24,2,0,1
BRDA:24,2,1,1
BRDA:32,3,0,2
BRDA:32,3,1,1
BRF:7
BRH:7
end_of_record
TN:
SF:/Users/oguzgelal/Core/Oguz/web/2018/reclare/reclare/src/broadcasts/broadcastHelpers.js
FN:3,(anonymous_0)
FNF:1
FNH:1
FNDA:13,(anonymous_0)
DA:3,7
DA:4,13
DA:5,1
LF:3
LH:3
BRDA:4,0,0,1
BRDA:4,0,1,12
BRF:2
BRH:2
end_of_record
TN:
SF:/Users/oguzgelal/Core/Oguz/web/2018/reclare/reclare/src/config/broadcastDefaults.js
FNF:0
FNH:0
LF:0
LH:0
BRF:0
BRH:0
end_of_record
TN:
SF:/Users/oguzgelal/Core/Oguz/web/2018/reclare/reclare/src/config/constants.js
FNF:0
FNH:0
DA:2,7
DA:3,7
LF:2
LH:2
BRF:0
BRH:0
end_of_record
TN:
SF:/Users/oguzgelal/Core/Oguz/web/2018/reclare/reclare/src/config/reclareDefaults.js
FNF:0
FNH:0
LF:0
LH:0
BRF:0
BRH:0
end_of_record
TN:
SF:/Users/oguzgelal/Core/Oguz/web/2018/reclare/reclare/src/ctx/createContext.js
FN:4,(anonymous_0)
FNF:1
FNH:1
FNDA:30,(anonymous_0)
DA:6,30
DA:9,17
DA:10,16
DA:14,17
LF:4
LH:4
BRDA:9,0,0,16
BRDA:9,0,1,1
BRDA:9,1,0,17
BRDA:9,1,1,17
BRDA:9,1,2,17
BRF:5
BRH:5
end_of_record
TN:
SF:/Users/oguzgelal/Core/Oguz/web/2018/reclare/reclare/src/ctx/ctx.js
FN:22,(anonymous_0)
FN:27,(anonymous_1)
FN:31,(anonymous_2)
FN:35,(anonymous_3)
FN:39,(anonymous_4)
FN:43,(anonymous_5)
FN:53,(anonymous_6)
FNF:7
FNH:5
FNDA:30,(anonymous_0)
FNDA:3,(anonymous_1)
FNDA:0,(anonymous_2)
FNDA:3,(anonymous_3)
FNDA:66,(anonymous_4)
FNDA:28,(anonymous_5)
FNDA:0,(anonymous_6)
DA:23,30
DA:24,28
DA:28,3
DA:32,0
DA:36,3
DA:40,66
DA:44,28
DA:45,28
DA:49,28
DA:56,0
DA:62,28
DA:65,28
DA:68,28
DA:71,28
DA:74,28
DA:84,21
DA:94,19
DA:102,17
LF:18
LH:16
BRDA:44,0,0,28
BRDA:44,0,1,0
BRDA:56,1,0,0
BRDA:56,1,1,0
BRDA:68,2,0,28
BRDA:68,2,1,28
BRDA:71,3,0,28
BRDA:71,3,1,28
BRDA:75,4,0,28
BRDA:75,4,1,16
BRDA:79,5,0,16
BRDA:79,5,1,15
BRDA:85,6,0,21
BRDA:85,6,1,2
BRDA:89,7,0,2
BRDA:89,7,1,2
BRDA:95,8,0,19
BRDA:95,8,1,2
BRDA:99,9,0,2
BRDA:99,9,1,2
BRF:20
BRH:17
end_of_record
TN:
SF:/Users/oguzgelal/Core/Oguz/web/2018/reclare/reclare/src/ctx/ctxHelpers.js
FN:3,(anonymous_0)
FNF:1
FNH:1
FNDA:30,(anonymous_0)
DA:3,7
DA:4,30
DA:5,1
DA:7,29
DA:8,1
LF:5
LH:5
BRDA:4,0,0,1
BRDA:4,0,1,29
BRDA:7,1,0,1
BRDA:7,1,1,28
BRF:4
BRH:4
end_of_record
TN:
SF:/Users/oguzgelal/Core/Oguz/web/2018/reclare/reclare/src/ctx/index.js
FNF:0
FNH:0
DA:2,7
LF:1
LH:1
BRF:0
BRH:0
end_of_record
TN:
SF:/Users/oguzgelal/Core/Oguz/web/2018/reclare/reclare/src/declarations/declarationHelpers.js
FN:10,(anonymous_0)
FN:19,(anonymous_1)
FNF:2
FNH:2
FNDA:20,(anonymous_0)
FNDA:18,(anonymous_1)
DA:10,7
DA:11,20
DA:12,6
DA:19,7
DA:20,18
DA:21,1
DA:27,17
DA:32,1
DA:38,16
DA:43,1
DA:49,15
DA:54,1
DA:61,14
LF:13
LH:13
BRDA:11,0,0,6
BRDA:11,0,1,14
BRDA:20,1,0,1
BRDA:20,1,1,17
BRDA:20,2,0,18
BRDA:20,2,1,18
BRDA:27,3,0,1
BRDA:27,3,1,16
BRDA:28,4,0,17
BRDA:28,4,1,16
BRDA:28,4,2,4
BRDA:38,5,0,1
BRDA:38,5,1,15
BRDA:39,6,0,16
BRDA:39,6,1,6
BRDA:39,6,2,1
BRDA:49,7,0,1
BRDA:49,7,1,14
BRDA:50,8,0,15
BRDA:50,8,1,3
BRDA:50,8,2,1
BRF:21
BRH:21
end_of_record
TN:
SF:/Users/oguzgelal/Core/Oguz/web/2018/reclare/reclare/src/declarations/invokeDeclaration.js
FN:8,(anonymous_0)
FN:27,(anonymous_1)
FNF:2
FNH:2
FNDA:3,(anonymous_0)
FNDA:3,(anonymous_1)
DA:17,3
DA:18,3
DA:20,0
DA:23,3
DA:24,3
DA:27,3
DA:30,3
DA:40,3
DA:41,3
DA:45,3
DA:48,3
DA:58,3
LF:12
LH:11
BRDA:17,0,0,3
BRDA:17,0,1,0
BRDA:17,1,0,3
BRDA:17,1,1,3
BRDA:27,2,0,3
BRDA:27,2,1,0
BRDA:40,3,0,3
BRDA:40,3,1,0
BRDA:41,4,0,3
BRDA:41,4,1,0
BRF:10
BRH:6
end_of_record
TN:
SF:/Users/oguzgelal/Core/Oguz/web/2018/reclare/reclare/src/declarations/invokeDeclarationObject.js
FN:8,(anonymous_0)
FNF:1
FNH:1
FNDA:3,(anonymous_0)
DA:16,3
DA:18,3
DA:20,3
DA:28,3
LF:4
LH:4
BRDA:29,0,0,3
BRDA:29,0,1,0
BRDA:30,1,0,3
BRDA:30,1,1,0
BRF:4
BRH:2
end_of_record
TN:
SF:/Users/oguzgelal/Core/Oguz/web/2018/reclare/reclare/src/declarations/parseDeclarations.js
FN:11,(anonymous_0)
FN:14,(anonymous_1)
FN:32,(anonymous_2)
FNF:3
FNH:3
FNDA:20,(anonymous_0)
FNDA:18,(anonymous_1)
FNDA:18,(anonymous_2)
DA:12,20
DA:14,14
DA:15,18
DA:21,13
DA:32,13
DA:33,18
DA:34,18
DA:37,13
LF:8
LH:8
BRDA:33,0,0,18
BRDA:33,0,1,11
BRF:2
BRH:2
end_of_record
TN:
SF:/Users/oguzgelal/Core/Oguz/web/2018/reclare/reclare/src/declarations/reactions/invokeReactions.js
FN:10,(anonymous_0)
FN:40,(anonymous_1)
FN:54,(anonymous_2)
FNF:3
FNH:3
FNDA:3,(anonymous_0)
FNDA:3,(anonymous_1)
FNDA:3,(anonymous_2)
DA:10,7
DA:18,3
DA:24,3
DA:26,3
DA:33,3
DA:48,3
DA:54,3
DA:55,3
DA:64,3
LF:9
LH:9
BRF:0
BRH:0
end_of_record
TN:
SF:/Users/oguzgelal/Core/Oguz/web/2018/reclare/reclare/src/declarations/reactions/parseReactions.js
FN:3,(anonymous_0)
FNF:1
FNH:1
FNDA:13,(anonymous_0)
DA:3,13
LF:1
LH:1
BRF:0
BRH:0
end_of_record
TN:
SF:/Users/oguzgelal/Core/Oguz/web/2018/reclare/reclare/src/declarations/reactions/reactionHelpers.js
FN:3,(anonymous_0)
FNF:1
FNH:1
FNDA:3,(anonymous_0)
DA:3,7
DA:4,3
DA:5,0
LF:3
LH:2
BRDA:4,0,0,0
BRDA:4,0,1,3
BRF:2
BRH:1
end_of_record
TN:
SF:/Users/oguzgelal/Core/Oguz/web/2018/reclare/reclare/src/declarations/reducers/invokeReducers.js
FN:12,(anonymous_0)
FN:43,(anonymous_1)
FN:56,(anonymous_2)
FNF:3
FNH:1
FNDA:0,(anonymous_0)
FNDA:3,(anonymous_1)
FNDA:0,(anonymous_2)
DA:12,7
DA:19,0
DA:25,0
DA:27,0
DA:36,0
DA:50,3
DA:56,3
DA:57,0
DA:65,3
LF:9
LH:4
BRF:0
BRH:0
end_of_record
TN:
SF:/Users/oguzgelal/Core/Oguz/web/2018/reclare/reclare/src/declarations/reducers/parseReducers.js
FN:3,(anonymous_0)
FNF:1
FNH:1
FNDA:13,(anonymous_0)
DA:3,13
LF:1
LH:1
BRF:0
BRH:0
end_of_record
TN:
SF:/Users/oguzgelal/Core/Oguz/web/2018/reclare/reclare/src/declarations/reducers/reducerHelpers.js
FN:3,(anonymous_0)
FNF:1
FNH:0
FNDA:0,(anonymous_0)
DA:3,7
DA:4,0
DA:5,0
LF:3
LH:1
BRDA:4,0,0,0
BRDA:4,0,1,0
BRF:2
BRH:0
end_of_record
TN:
SF:/Users/oguzgelal/Core/Oguz/web/2018/reclare/reclare/src/declarations/situations/evaluateSituations.js
FN:4,(anonymous_0)
FN:22,(anonymous_1)
FN:31,(anonymous_2)
FNF:3
FNH:1
FNDA:0,(anonymous_0)
FNDA:3,(anonymous_1)
FNDA:0,(anonymous_2)
DA:4,7
DA:11,0
DA:12,0
DA:18,0
DA:30,3
DA:31,0
DA:39,3
DA:40,3
DA:46,0
DA:53,3
LF:10
LH:5
BRDA:11,0,0,0
BRDA:11,0,1,0
BRDA:39,1,0,3
BRDA:39,1,1,0
BRF:4
BRH:1
end_of_record
TN:
SF:/Users/oguzgelal/Core/Oguz/web/2018/reclare/reclare/src/declarations/situations/parseSituations.js
FN:3,(anonymous_0)
FNF:1
FNH:1
FNDA:13,(anonymous_0)
DA:3,13
LF:1
LH:1
BRF:0
BRH:0
end_of_record
TN:
SF:/Users/oguzgelal/Core/Oguz/web/2018/reclare/reclare/src/middlewares/executeHooks.js
FN:3,(anonymous_0)
FN:5,(anonymous_1)
FN:16,(anonymous_2)
FNF:3
FNH:1
FNDA:0,(anonymous_0)
FNDA:0,(anonymous_1)
FNDA:106,(anonymous_2)
DA:3,7
DA:4,0
DA:5,0
DA:8,0
DA:9,0
DA:10,0
DA:17,106
DA:19,0
DA:21,0
LF:9
LH:2
BRDA:4,0,0,0
BRDA:4,0,1,0
BRDA:8,1,0,0
BRDA:8,1,1,0
BRDA:9,2,0,0
BRDA:9,2,1,0
BRDA:9,3,0,0
BRDA:9,3,1,0
BRDA:17,4,0,0
BRDA:17,4,1,106
BRF:10
BRH:1
end_of_record
TN:
SF:/Users/oguzgelal/Core/Oguz/web/2018/reclare/reclare/src/middlewares/hookTypes.js
FNF:0
FNH:0
DA:10,7
DA:15,7
DA:25,7
DA:30,7
DA:38,7
DA:47,7
DA:56,7
DA:65,7
DA:74,7
DA:83,7
DA:93,7
DA:105,7
DA:115,7
DA:125,7
DA:135,7
DA:145,7
DA:155,7
DA:165,7
DA:175,7
DA:185,7
DA:195,7
DA:205,7
LF:22
LH:22
BRF:0
BRH:0
end_of_record
TN:
SF:/Users/oguzgelal/Core/Oguz/web/2018/reclare/reclare/src/middlewares/middlewareHelpers.js
FN:3,(anonymous_0)
FN:12,(anonymous_1)
FNF:2
FNH:2
FNDA:4,(anonymous_0)
FNDA:66,(anonymous_1)
DA:3,7
DA:4,4
DA:5,1
DA:12,7
DA:14,66
DA:15,63
DA:17,3
DA:18,0
LF:8
LH:7
BRDA:4,0,0,1
BRDA:4,0,1,3
BRDA:14,1,0,63
BRDA:14,1,1,3
BRDA:14,2,0,66
BRDA:14,2,1,3
BRDA:17,3,0,0
BRDA:17,3,1,3
BRDA:17,4,0,3
BRDA:17,4,1,2
BRF:10
BRH:9
end_of_record
TN:
SF:/Users/oguzgelal/Core/Oguz/web/2018/reclare/reclare/src/middlewares/registerHooks.js
FN:4,(anonymous_0)
FN:4,(anonymous_1)
FNF:2
FNH:2
FNDA:73,(anonymous_0)
FNDA:66,(anonymous_1)
DA:4,73
DA:5,66
DA:6,66
DA:8,66
DA:9,66
DA:11,66
DA:12,1
DA:15,66
DA:16,2
LF:9
LH:9
BRDA:6,0,0,66
BRDA:6,0,1,0
BRDA:8,1,0,66
BRDA:8,1,1,3
BRDA:9,2,0,66
BRDA:9,2,1,66
BRDA:11,3,0,1
BRDA:11,3,1,65
BRDA:15,4,0,2
BRDA:15,4,1,64
BRF:10
BRH:9
end_of_record
TN:
SF:/Users/oguzgelal/Core/Oguz/web/2018/reclare/reclare/src/middlewares/registerMiddleware.js
FN:5,(anonymous_0)
FN:5,(anonymous_1)
FN:10,(anonymous_2)
FNF:3
FNH:3
FNDA:10,(anonymous_0)
FNDA:4,(anonymous_1)
FNDA:66,(anonymous_2)
DA:5,10
DA:6,4
DA:7,3
DA:9,3
DA:10,3
DA:11,66
LF:6
LH:6
BRDA:7,0,0,3
BRDA:7,0,1,1
BRF:2
BRH:2
end_of_record
TN:
SF:/Users/oguzgelal/Core/Oguz/web/2018/reclare/reclare/src/state/getState.js
FN:6,(anonymous_0)
FN:6,(anonymous_1)
FNF:2
FNH:1
FNDA:7,(anonymous_0)
FNDA:0,(anonymous_1)
DA:6,7
DA:7,0
DA:8,0
LF:3
LH:1
BRDA:7,0,0,0
BRDA:7,0,1,0
BRF:2
BRH:0
end_of_record
TN:
SF:/Users/oguzgelal/Core/Oguz/web/2018/reclare/reclare/src/state/setState.js
FN:6,(anonymous_0)
FNF:1
FNH:0
FNDA:0,(anonymous_0)
DA:7,0
DA:8,0
DA:10,0
DA:12,0
DA:14,0
LF:5
LH:0
BRDA:7,0,0,0
BRDA:7,0,1,0
BRF:2
BRH:0
end_of_record
TN:
SF:/Users/oguzgelal/Core/Oguz/web/2018/reclare/reclare/src/subscriptions/subscriptionHelpers.js
FN:1,(anonymous_0)
FNF:1
FNH:0
FNDA:0,(anonymous_0)
DA:1,7
LF:1
LH:1
BRF:0
BRH:0
end_of_record
TN:
SF:/Users/oguzgelal/Core/Oguz/web/2018/reclare/reclare/src/utils/alert.js
FN:13,(anonymous_0)
FNF:1
FNH:1
FNDA:14,(anonymous_0)
DA:1,7
DA:2,7
DA:3,7
DA:4,7
DA:5,7
DA:6,7
DA:7,7
DA:8,7
DA:9,7
DA:10,7
DA:11,7
DA:13,7
DA:14,14
LF:13
LH:13
BRF:0
BRH:0
end_of_record
TN:
SF:/Users/oguzgelal/Core/Oguz/web/2018/reclare/reclare/src/utils/operators.js
FN:17,(anonymous_0)
FN:17,(anonymous_1)
FN:18,(anonymous_2)
FN:47,(anonymous_3)
FN:47,(anonymous_4)
FN:48,(anonymous_5)
FN:96,(anonymous_6)
FN:96,(anonymous_7)
FN:98,(anonymous_8)
FNF:9
FNH:9
FNDA:30,(anonymous_0)
FNDA:27,(anonymous_1)
FNDA:43,(anonymous_2)
FNDA:29,(anonymous_3)
FNDA:26,(anonymous_4)
FNDA:31,(anonymous_5)
FNDA:20,(anonymous_6)
FNDA:17,(anonymous_7)
FNDA:9,(anonymous_8)
DA:17,30
DA:18,27
DA:19,43
DA:20,1
DA:22,42
DA:23,13
DA:25,29
DA:47,29
DA:48,26
DA:49,31
DA:50,1
DA:52,30
DA:53,9
DA:55,21
DA:96,20
DA:97,17
DA:98,9
DA:100,14
DA:101,3
DA:103,11
LF:20
LH:20
BRDA:19,0,0,1
BRDA:19,0,1,42
BRDA:22,1,0,13
BRDA:22,1,1,29
BRDA:49,2,0,1
BRDA:49,2,1,30
BRDA:52,3,0,9
BRDA:52,3,1,21
BRDA:97,4,0,3
BRDA:97,4,1,14
BRDA:100,5,0,3
BRDA:100,5,1,11
BRF:12
BRH:12
end_of_record
TN:
SF:/Users/oguzgelal/Core/Oguz/web/2018/reclare/reclare/src/utils/randomString.js
FN:1,(anonymous_0)
FNF:1
FNH:1
FNDA:28,(anonymous_0)
DA:2,28
DA:4,28
DA:5,28
DA:6,840
DA:8,28
LF:5
LH:5
BRF:0
BRH:0
end_of_record
TN:
SF:/Users/oguzgelal/Core/Oguz/web/2018/reclare/reclare/src/utils/toArray.js
FN:1,(anonymous_0)
FNF:1
FNH:1
FNDA:78,(anonymous_0)
DA:1,78
LF:1
LH:1
BRDA:1,0,0,26
BRDA:1,0,1,52
BRDA:1,1,0,3
BRDA:1,1,1,23
BRF:4
BRH:4
end_of_record
