TN:
SF:/Users/oguzgelal/Core/Oguz/web/2018/reclare/reclare/src/broadcasts/broadcast.js
FN:8,(anonymous_0)
FN:19,(anonymous_1)
FN:19,(anonymous_2)
FN:23,(anonymous_3)
FNF:4
FNH:1
FNDA:0,(anonymous_0)
FNDA:3,(anonymous_1)
FNDA:0,(anonymous_2)
FNDA:0,(anonymous_3)
DA:8,3
DA:9,0
DA:10,0
DA:16,0
DA:19,3
DA:20,0
DA:22,0
DA:23,0
DA:24,0
DA:32,0
LF:10
LH:2
BRDA:11,0,0,0
BRDA:11,0,1,0
BRDA:11,1,0,0
BRDA:11,1,1,0
BRDA:19,2,0,0
BRDA:22,3,0,0
BRDA:22,3,1,0
BRDA:25,4,0,0
BRDA:25,4,1,0
BRDA:33,5,0,0
BRDA:33,5,1,0
BRF:11
BRH:0
end_of_record
TN:
SF:/Users/oguzgelal/Core/Oguz/web/2018/reclare/reclare/src/broadcasts/broadcastHelpers.js
FN:3,(anonymous_0)
FN:12,(anonymous_1)
FN:13,(anonymous_2)
FN:14,(anonymous_3)
FNF:4
FNH:1
FNDA:7,(anonymous_0)
FNDA:0,(anonymous_1)
FNDA:0,(anonymous_2)
FNDA:0,(anonymous_3)
DA:3,3
DA:4,7
DA:5,0
DA:12,3
DA:13,3
DA:14,3
LF:6
LH:5
BRDA:4,0,0,0
BRDA:4,0,1,7
BRF:2
BRH:1
end_of_record
TN:
SF:/Users/oguzgelal/Core/Oguz/web/2018/reclare/reclare/src/config/broadcastDefaults.js
FNF:0
FNH:0
LF:0
LH:0
BRF:0
BRH:0
end_of_record
TN:
SF:/Users/oguzgelal/Core/Oguz/web/2018/reclare/reclare/src/config/constants.js
FNF:0
FNH:0
DA:2,3
DA:3,3
LF:2
LH:2
BRF:0
BRH:0
end_of_record
TN:
SF:/Users/oguzgelal/Core/Oguz/web/2018/reclare/reclare/src/config/reclareDefaults.js
FNF:0
FNH:0
LF:0
LH:0
BRF:0
BRH:0
end_of_record
TN:
SF:/Users/oguzgelal/Core/Oguz/web/2018/reclare/reclare/src/ctx/createContext.js
FN:4,(anonymous_0)
FNF:1
FNH:1
FNDA:17,(anonymous_0)
DA:6,17
DA:9,8
DA:10,8
DA:14,8
LF:4
LH:4
BRDA:4,0,0,17
BRDA:9,1,0,8
BRDA:9,1,1,0
BRDA:9,2,0,8
BRDA:9,2,1,8
BRDA:9,2,2,8
BRF:6
BRH:5
end_of_record
TN:
SF:/Users/oguzgelal/Core/Oguz/web/2018/reclare/reclare/src/ctx/ctx.js
FN:21,(anonymous_0)
FN:26,(anonymous_1)
FN:30,(anonymous_2)
FN:34,(anonymous_3)
FN:38,(anonymous_4)
FN:42,(anonymous_5)
FN:52,(anonymous_6)
FNF:7
FNH:4
FNDA:17,(anonymous_0)
FNDA:0,(anonymous_1)
FNDA:0,(anonymous_2)
FNDA:3,(anonymous_3)
FNDA:66,(anonymous_4)
FNDA:17,(anonymous_5)
FNDA:0,(anonymous_6)
DA:22,17
DA:23,17
DA:27,0
DA:31,0
DA:35,3
DA:39,66
DA:43,17
DA:44,17
DA:48,17
DA:55,0
DA:61,17
DA:64,17
DA:67,17
DA:70,17
DA:80,14
DA:90,11
DA:98,8
LF:17
LH:14
BRDA:43,0,0,17
BRDA:43,0,1,0
BRDA:55,1,0,0
BRDA:55,1,1,0
BRDA:64,2,0,17
BRDA:64,2,1,17
BRDA:67,3,0,17
BRDA:67,3,1,17
BRDA:71,4,0,17
BRDA:71,4,1,6
BRDA:75,5,0,6
BRDA:75,5,1,5
BRDA:81,6,0,14
BRDA:81,6,1,3
BRDA:85,7,0,3
BRDA:85,7,1,3
BRDA:91,8,0,11
BRDA:91,8,1,3
BRDA:95,9,0,3
BRDA:95,9,1,3
BRF:20
BRH:17
end_of_record
TN:
SF:/Users/oguzgelal/Core/Oguz/web/2018/reclare/reclare/src/ctx/ctxHelpers.js
FN:3,(anonymous_0)
FNF:1
FNH:1
FNDA:17,(anonymous_0)
DA:3,3
DA:4,17
DA:5,0
LF:3
LH:2
BRDA:4,0,0,0
BRDA:4,0,1,17
BRF:2
BRH:1
end_of_record
TN:
SF:/Users/oguzgelal/Core/Oguz/web/2018/reclare/reclare/src/ctx/index.js
FNF:0
FNH:0
DA:2,3
LF:1
LH:1
BRF:0
BRH:0
end_of_record
TN:
SF:/Users/oguzgelal/Core/Oguz/web/2018/reclare/reclare/src/declarations/declarationHelpers.js
FN:8,(anonymous_0)
FN:17,(anonymous_1)
FNF:2
FNH:2
FNDA:12,(anonymous_0)
FNDA:8,(anonymous_1)
DA:8,3
DA:9,12
DA:10,9
DA:17,3
DA:18,8
DA:19,0
DA:24,8
DA:29,0
DA:35,8
DA:36,8
LF:10
LH:8
BRDA:9,0,0,9
BRDA:9,0,1,3
BRDA:18,1,0,0
BRDA:18,1,1,8
BRDA:18,2,0,8
BRDA:18,2,1,8
BRDA:24,3,0,0
BRDA:24,3,1,8
BRDA:25,4,0,8
BRDA:25,4,1,8
BRDA:25,4,2,3
BRDA:35,5,0,8
BRDA:35,5,1,0
BRF:13
BRH:10
end_of_record
TN:
SF:/Users/oguzgelal/Core/Oguz/web/2018/reclare/reclare/src/declarations/invokeDeclaration.js
FN:8,(anonymous_0)
FN:27,(anonymous_1)
FNF:2
FNH:0
FNDA:0,(anonymous_0)
FNDA:0,(anonymous_1)
DA:17,0
DA:18,0
DA:20,0
DA:23,0
DA:24,0
DA:27,0
DA:30,0
DA:40,0
DA:41,0
DA:45,0
DA:48,0
DA:58,0
LF:12
LH:0
BRDA:17,0,0,0
BRDA:17,0,1,0
BRDA:17,1,0,0
BRDA:17,1,1,0
BRDA:27,2,0,0
BRDA:27,2,1,0
BRDA:40,3,0,0
BRDA:40,3,1,0
BRDA:41,4,0,0
BRDA:41,4,1,0
BRF:10
BRH:0
end_of_record
TN:
SF:/Users/oguzgelal/Core/Oguz/web/2018/reclare/reclare/src/declarations/invokeDeclarationObject.js
FN:8,(anonymous_0)
FNF:1
FNH:0
FNDA:0,(anonymous_0)
DA:16,0
DA:18,0
DA:20,0
DA:27,0
LF:4
LH:0
BRDA:28,0,0,0
BRDA:28,0,1,0
BRDA:29,1,0,0
BRDA:29,1,1,0
BRF:4
BRH:0
end_of_record
TN:
SF:/Users/oguzgelal/Core/Oguz/web/2018/reclare/reclare/src/declarations/parseDeclarations.js
FN:10,(anonymous_0)
FN:13,(anonymous_1)
FN:32,(anonymous_2)
FNF:3
FNH:3
FNDA:12,(anonymous_0)
FNDA:8,(anonymous_1)
FNDA:8,(anonymous_2)
DA:11,12
DA:13,3
DA:14,8
DA:20,8
DA:31,8
DA:32,3
DA:33,8
DA:34,8
DA:36,5
DA:37,5
DA:38,5
DA:41,8
LF:12
LH:12
BRDA:31,0,0,3
BRDA:31,0,1,5
BRDA:33,1,0,8
BRDA:33,1,1,4
BRDA:36,2,0,5
BRDA:36,2,1,0
BRDA:37,3,0,5
BRDA:37,3,1,2
BRF:8
BRH:7
end_of_record
TN:
SF:/Users/oguzgelal/Core/Oguz/web/2018/reclare/reclare/src/declarations/reactions/invokeReactions.js
FN:10,(anonymous_0)
FN:40,(anonymous_1)
FN:54,(anonymous_2)
FNF:3
FNH:0
FNDA:0,(anonymous_0)
FNDA:0,(anonymous_1)
FNDA:0,(anonymous_2)
DA:10,3
DA:18,0
DA:24,0
DA:26,0
DA:33,0
DA:48,0
DA:54,0
DA:55,0
DA:64,0
LF:9
LH:1
BRF:0
BRH:0
end_of_record
TN:
SF:/Users/oguzgelal/Core/Oguz/web/2018/reclare/reclare/src/declarations/reactions/parseReactions.js
FN:3,(anonymous_0)
FNF:1
FNH:1
FNDA:8,(anonymous_0)
DA:3,8
LF:1
LH:1
BRF:0
BRH:0
end_of_record
TN:
SF:/Users/oguzgelal/Core/Oguz/web/2018/reclare/reclare/src/declarations/reactions/reactionHelpers.js
FN:3,(anonymous_0)
FNF:1
FNH:0
FNDA:0,(anonymous_0)
DA:3,3
DA:4,0
DA:5,0
LF:3
LH:1
BRDA:4,0,0,0
BRDA:4,0,1,0
BRF:2
BRH:0
end_of_record
TN:
SF:/Users/oguzgelal/Core/Oguz/web/2018/reclare/reclare/src/declarations/reducers/invokeReducers.js
FN:12,(anonymous_0)
FN:43,(anonymous_1)
FN:56,(anonymous_2)
FNF:3
FNH:0
FNDA:0,(anonymous_0)
FNDA:0,(anonymous_1)
FNDA:0,(anonymous_2)
DA:12,3
DA:19,0
DA:25,0
DA:27,0
DA:36,0
DA:50,0
DA:56,0
DA:57,0
DA:65,0
LF:9
LH:1
BRF:0
BRH:0
end_of_record
TN:
SF:/Users/oguzgelal/Core/Oguz/web/2018/reclare/reclare/src/declarations/reducers/parseReducers.js
FN:3,(anonymous_0)
FNF:1
FNH:1
FNDA:8,(anonymous_0)
DA:3,8
LF:1
LH:1
BRF:0
BRH:0
end_of_record
TN:
SF:/Users/oguzgelal/Core/Oguz/web/2018/reclare/reclare/src/declarations/reducers/reducerHelpers.js
FN:3,(anonymous_0)
FNF:1
FNH:0
FNDA:0,(anonymous_0)
DA:3,3
DA:4,0
DA:5,0
LF:3
LH:1
BRDA:4,0,0,0
BRDA:4,0,1,0
BRF:2
BRH:0
end_of_record
TN:
SF:/Users/oguzgelal/Core/Oguz/web/2018/reclare/reclare/src/declarations/situations/evaluateSituations.js
FN:4,(anonymous_0)
FN:22,(anonymous_1)
FN:31,(anonymous_2)
FNF:3
FNH:0
FNDA:0,(anonymous_0)
FNDA:0,(anonymous_1)
FNDA:0,(anonymous_2)
DA:4,3
DA:11,0
DA:12,0
DA:18,0
DA:30,0
DA:31,0
DA:39,0
DA:40,0
DA:46,0
DA:53,0
LF:10
LH:1
BRDA:11,0,0,0
BRDA:11,0,1,0
BRDA:39,1,0,0
BRDA:39,1,1,0
BRF:4
BRH:0
end_of_record
TN:
SF:/Users/oguzgelal/Core/Oguz/web/2018/reclare/reclare/src/declarations/situations/parseSituations.js
FN:3,(anonymous_0)
FNF:1
FNH:1
FNDA:8,(anonymous_0)
DA:3,8
LF:1
LH:1
BRF:0
BRH:0
end_of_record
TN:
SF:/Users/oguzgelal/Core/Oguz/web/2018/reclare/reclare/src/middlewares/executeHooks.js
FN:3,(anonymous_0)
FN:5,(anonymous_1)
FN:16,(anonymous_2)
FNF:3
FNH:1
FNDA:0,(anonymous_0)
FNDA:0,(anonymous_1)
FNDA:42,(anonymous_2)
DA:3,3
DA:4,0
DA:5,0
DA:8,0
DA:9,0
DA:10,0
DA:17,42
DA:19,0
DA:21,0
LF:9
LH:2
BRDA:4,0,0,0
BRDA:4,0,1,0
BRDA:8,1,0,0
BRDA:8,1,1,0
BRDA:9,2,0,0
BRDA:9,2,1,0
BRDA:9,3,0,0
BRDA:9,3,1,0
BRDA:17,4,0,0
BRDA:17,4,1,42
BRF:10
BRH:1
end_of_record
TN:
SF:/Users/oguzgelal/Core/Oguz/web/2018/reclare/reclare/src/middlewares/hookTypes.js
FNF:0
FNH:0
DA:10,3
DA:15,3
DA:25,3
DA:30,3
DA:38,3
DA:47,3
DA:56,3
DA:65,3
DA:74,3
DA:83,3
DA:93,3
DA:105,3
DA:115,3
DA:125,3
DA:135,3
DA:145,3
DA:155,3
DA:165,3
DA:175,3
DA:185,3
DA:195,3
DA:205,3
LF:22
LH:22
BRF:0
BRH:0
end_of_record
TN:
SF:/Users/oguzgelal/Core/Oguz/web/2018/reclare/reclare/src/middlewares/middlewareHelpers.js
FN:3,(anonymous_0)
FN:12,(anonymous_1)
FNF:2
FNH:2
FNDA:4,(anonymous_0)
FNDA:66,(anonymous_1)
DA:3,3
DA:4,4
DA:5,1
DA:12,3
DA:14,66
DA:15,63
DA:17,3
DA:18,0
LF:8
LH:7
BRDA:4,0,0,1
BRDA:4,0,1,3
BRDA:14,1,0,63
BRDA:14,1,1,3
BRDA:14,2,0,66
BRDA:14,2,1,3
BRDA:17,3,0,0
BRDA:17,3,1,3
BRDA:17,4,0,3
BRDA:17,4,1,2
BRF:10
BRH:9
end_of_record
TN:
SF:/Users/oguzgelal/Core/Oguz/web/2018/reclare/reclare/src/middlewares/registerHooks.js
FN:4,(anonymous_0)
FN:4,(anonymous_1)
FNF:2
FNH:2
FNDA:69,(anonymous_0)
FNDA:66,(anonymous_1)
DA:4,69
DA:5,66
DA:6,66
DA:8,66
DA:9,66
DA:11,66
DA:12,1
DA:15,66
DA:16,2
LF:9
LH:9
BRDA:6,0,0,66
BRDA:6,0,1,0
BRDA:8,1,0,66
BRDA:8,1,1,3
BRDA:9,2,0,66
BRDA:9,2,1,66
BRDA:11,3,0,1
BRDA:11,3,1,65
BRDA:15,4,0,2
BRDA:15,4,1,64
BRF:10
BRH:9
end_of_record
TN:
SF:/Users/oguzgelal/Core/Oguz/web/2018/reclare/reclare/src/middlewares/registerMiddleware.js
FN:5,(anonymous_0)
FN:5,(anonymous_1)
FN:10,(anonymous_2)
FNF:3
FNH:3
FNDA:6,(anonymous_0)
FNDA:4,(anonymous_1)
FNDA:66,(anonymous_2)
DA:5,6
DA:6,4
DA:7,3
DA:9,3
DA:10,3
DA:11,66
LF:6
LH:6
BRDA:7,0,0,3
BRDA:7,0,1,1
BRF:2
BRH:2
end_of_record
TN:
SF:/Users/oguzgelal/Core/Oguz/web/2018/reclare/reclare/src/state/getState.js
FN:6,(anonymous_0)
FN:6,(anonymous_1)
FNF:2
FNH:1
FNDA:3,(anonymous_0)
FNDA:0,(anonymous_1)
DA:6,3
DA:7,0
DA:8,0
LF:3
LH:1
BRDA:7,0,0,0
BRDA:7,0,1,0
BRF:2
BRH:0
end_of_record
TN:
SF:/Users/oguzgelal/Core/Oguz/web/2018/reclare/reclare/src/state/setState.js
FN:6,(anonymous_0)
FNF:1
FNH:0
FNDA:0,(anonymous_0)
DA:7,0
DA:8,0
DA:10,0
DA:12,0
DA:14,0
LF:5
LH:0
BRDA:7,0,0,0
BRDA:7,0,1,0
BRF:2
BRH:0
end_of_record
TN:
SF:/Users/oguzgelal/Core/Oguz/web/2018/reclare/reclare/src/subscriptions/subscriptionHelpers.js
FN:1,(anonymous_0)
FN:2,(anonymous_1)
FN:3,(anonymous_2)
FN:4,(anonymous_3)
FNF:4
FNH:0
FNDA:0,(anonymous_0)
FNDA:0,(anonymous_1)
FNDA:0,(anonymous_2)
FNDA:0,(anonymous_3)
DA:1,3
DA:2,3
DA:3,3
DA:4,3
LF:4
LH:4
BRF:0
BRH:0
end_of_record
TN:
SF:/Users/oguzgelal/Core/Oguz/web/2018/reclare/reclare/src/utils/alert.js
FN:13,(anonymous_0)
FN:17,(anonymous_1)
FN:18,(anonymous_2)
FNF:3
FNH:1
FNDA:10,(anonymous_0)
FNDA:0,(anonymous_1)
FNDA:0,(anonymous_2)
DA:1,3
DA:2,3
DA:3,3
DA:4,3
DA:5,3
DA:6,3
DA:7,3
DA:8,3
DA:9,3
DA:10,3
DA:11,3
DA:13,3
DA:14,10
DA:17,3
DA:18,3
LF:15
LH:15
BRF:0
BRH:0
end_of_record
TN:
SF:/Users/oguzgelal/Core/Oguz/web/2018/reclare/reclare/src/utils/operators.js
FN:17,(anonymous_0)
FN:17,(anonymous_1)
FN:18,(anonymous_2)
FN:47,(anonymous_3)
FN:47,(anonymous_4)
FN:48,(anonymous_5)
FN:96,(anonymous_6)
FN:96,(anonymous_7)
FN:98,(anonymous_8)
FNF:9
FNH:9
FNDA:28,(anonymous_0)
FNDA:25,(anonymous_1)
FNDA:40,(anonymous_2)
FNDA:27,(anonymous_3)
FNDA:24,(anonymous_4)
FNDA:29,(anonymous_5)
FNDA:20,(anonymous_6)
FNDA:17,(anonymous_7)
FNDA:9,(anonymous_8)
DA:17,28
DA:18,25
DA:19,40
DA:20,0
DA:22,40
DA:23,13
DA:25,27
DA:47,27
DA:48,24
DA:49,29
DA:50,0
DA:52,29
DA:53,9
DA:55,20
DA:96,20
DA:97,17
DA:98,9
DA:100,14
DA:101,3
DA:103,11
LF:20
LH:18
BRDA:19,0,0,0
BRDA:19,0,1,40
BRDA:22,1,0,13
BRDA:22,1,1,27
BRDA:49,2,0,0
BRDA:49,2,1,29
BRDA:52,3,0,9
BRDA:52,3,1,20
BRDA:97,4,0,3
BRDA:97,4,1,14
BRDA:100,5,0,3
BRDA:100,5,1,11
BRF:12
BRH:10
end_of_record
TN:
SF:/Users/oguzgelal/Core/Oguz/web/2018/reclare/reclare/src/utils/toArray.js
FN:1,(anonymous_0)
FNF:1
FNH:1
FNDA:40,(anonymous_0)
DA:1,40
LF:1
LH:1
BRDA:1,0,0,10
BRDA:1,0,1,30
BRDA:1,1,0,0
BRDA:1,1,1,10
BRF:4
BRH:3
end_of_record
